{"/Users/Yousef_1/Dokumenter/HjemmesideIT/EksamKlarReboot/examklar-tdd/postcss.config.js": {"path":"/Users/Yousef_1/Dokumenter/HjemmesideIT/EksamKlarReboot/examklar-tdd/postcss.config.js","all":true,"statementMap":{"0":{"start":{"line":1,"column":0},"end":{"line":1,"column":16}},"1":{"start":{"line":2,"column":0},"end":{"line":2,"column":12}},"2":{"start":{"line":3,"column":0},"end":{"line":3,"column":20}},"3":{"start":{"line":4,"column":0},"end":{"line":4,"column":21}},"4":{"start":{"line":5,"column":0},"end":{"line":5,"column":4}},"5":{"start":{"line":6,"column":0},"end":{"line":6,"column":1}}},"s":{"0":0,"1":0,"2":0,"3":0,"4":0,"5":0},"branchMap":{"0":{"type":"branch","line":1,"loc":{"start":{"line":1,"column":79},"end":{"line":6,"column":1}},"locations":[{"start":{"line":1,"column":79},"end":{"line":6,"column":1}}]}},"b":{"0":[0]},"fnMap":{"0":{"name":"(empty-report)","decl":{"start":{"line":1,"column":79},"end":{"line":6,"column":1}},"loc":{"start":{"line":1,"column":79},"end":{"line":6,"column":1}},"line":1}},"f":{"0":0}}
,"/Users/Yousef_1/Dokumenter/HjemmesideIT/EksamKlarReboot/examklar-tdd/tailwind.config.js": {"path":"/Users/Yousef_1/Dokumenter/HjemmesideIT/EksamKlarReboot/examklar-tdd/tailwind.config.js","all":true,"statementMap":{"0":{"start":{"line":1,"column":0},"end":{"line":1,"column":43}},"1":{"start":{"line":2,"column":0},"end":{"line":2,"column":16}},"2":{"start":{"line":3,"column":0},"end":{"line":3,"column":12}},"3":{"start":{"line":4,"column":0},"end":{"line":4,"column":19}},"4":{"start":{"line":5,"column":0},"end":{"line":5,"column":33}},"5":{"start":{"line":6,"column":0},"end":{"line":6,"column":4}},"6":{"start":{"line":7,"column":0},"end":{"line":7,"column":10}},"7":{"start":{"line":8,"column":0},"end":{"line":8,"column":13}},"8":{"start":{"line":9,"column":0},"end":{"line":9,"column":15}},"9":{"start":{"line":10,"column":0},"end":{"line":10,"column":18}},"10":{"start":{"line":11,"column":0},"end":{"line":11,"column":24}},"11":{"start":{"line":12,"column":0},"end":{"line":12,"column":25}},"12":{"start":{"line":13,"column":0},"end":{"line":13,"column":25}},"13":{"start":{"line":14,"column":0},"end":{"line":14,"column":25}},"14":{"start":{"line":15,"column":0},"end":{"line":15,"column":9}},"15":{"start":{"line":16,"column":0},"end":{"line":16,"column":8}},"16":{"start":{"line":17,"column":0},"end":{"line":17,"column":19}},"17":{"start":{"line":18,"column":0},"end":{"line":18,"column":38}},"18":{"start":{"line":19,"column":0},"end":{"line":19,"column":8}},"19":{"start":{"line":20,"column":0},"end":{"line":20,"column":6}},"20":{"start":{"line":21,"column":0},"end":{"line":21,"column":4}},"21":{"start":{"line":22,"column":0},"end":{"line":22,"column":14}},"22":{"start":{"line":23,"column":0},"end":{"line":23,"column":1}}},"s":{"0":0,"1":0,"2":0,"3":0,"4":0,"5":0,"6":0,"7":0,"8":0,"9":0,"10":0,"11":0,"12":0,"13":0,"14":0,"15":0,"16":0,"17":0,"18":0,"19":0,"20":0,"21":0,"22":0},"branchMap":{"0":{"type":"branch","line":1,"loc":{"start":{"line":1,"column":411},"end":{"line":23,"column":1}},"locations":[{"start":{"line":1,"column":411},"end":{"line":23,"column":1}}]}},"b":{"0":[0]},"fnMap":{"0":{"name":"(empty-report)","decl":{"start":{"line":1,"column":411},"end":{"line":23,"column":1}},"loc":{"start":{"line":1,"column":411},"end":{"line":23,"column":1}},"line":1}},"f":{"0":0}}
,"/Users/Yousef_1/Dokumenter/HjemmesideIT/EksamKlarReboot/examklar-tdd/src/App.tsx": {"path":"/Users/Yousef_1/Dokumenter/HjemmesideIT/EksamKlarReboot/examklar-tdd/src/App.tsx","all":false,"statementMap":{"0":{"start":{"line":1,"column":0},"end":{"line":1,"column":48}},"1":{"start":{"line":2,"column":0},"end":{"line":2,"column":47}},"2":{"start":{"line":3,"column":0},"end":{"line":3,"column":51}},"3":{"start":{"line":4,"column":0},"end":{"line":4,"column":49}},"4":{"start":{"line":5,"column":0},"end":{"line":5,"column":41}},"5":{"start":{"line":6,"column":0},"end":{"line":6,"column":51}},"6":{"start":{"line":7,"column":0},"end":{"line":7,"column":39}},"7":{"start":{"line":8,"column":0},"end":{"line":8,"column":47}},"9":{"start":{"line":10,"column":0},"end":{"line":10,"column":16}},"10":{"start":{"line":11,"column":0},"end":{"line":11,"column":10}},"11":{"start":{"line":12,"column":0},"end":{"line":12,"column":12}},"12":{"start":{"line":13,"column":0},"end":{"line":13,"column":14}},"13":{"start":{"line":14,"column":0},"end":{"line":14,"column":55}},"14":{"start":{"line":15,"column":0},"end":{"line":15,"column":63}},"15":{"start":{"line":16,"column":0},"end":{"line":16,"column":55}},"16":{"start":{"line":17,"column":0},"end":{"line":17,"column":65}},"17":{"start":{"line":18,"column":0},"end":{"line":18,"column":53}},"18":{"start":{"line":19,"column":0},"end":{"line":19,"column":53}},"19":{"start":{"line":20,"column":0},"end":{"line":20,"column":15}},"20":{"start":{"line":21,"column":0},"end":{"line":21,"column":13}},"22":{"start":{"line":23,"column":0},"end":{"line":23,"column":1}},"24":{"start":{"line":25,"column":0},"end":{"line":25,"column":18}}},"s":{"0":1,"1":1,"2":1,"3":1,"4":1,"5":1,"6":1,"7":1,"9":10,"10":10,"11":10,"12":10,"13":10,"14":10,"15":10,"16":10,"17":10,"18":10,"19":10,"20":10,"22":10,"24":1},"branchMap":{"0":{"type":"branch","line":10,"loc":{"start":{"line":10,"column":0},"end":{"line":23,"column":1}},"locations":[{"start":{"line":10,"column":0},"end":{"line":23,"column":1}}]}},"b":{"0":[10]},"fnMap":{"0":{"name":"App","decl":{"start":{"line":10,"column":0},"end":{"line":23,"column":1}},"loc":{"start":{"line":10,"column":0},"end":{"line":23,"column":1}},"line":10}},"f":{"0":10}}
,"/Users/Yousef_1/Dokumenter/HjemmesideIT/EksamKlarReboot/examklar-tdd/src/main.tsx": {"path":"/Users/Yousef_1/Dokumenter/HjemmesideIT/EksamKlarReboot/examklar-tdd/src/main.tsx","all":true,"statementMap":{"0":{"start":{"line":1,"column":0},"end":{"line":1,"column":34}},"1":{"start":{"line":2,"column":0},"end":{"line":2,"column":45}},"2":{"start":{"line":3,"column":0},"end":{"line":3,"column":48}},"3":{"start":{"line":4,"column":0},"end":{"line":4,"column":20}},"4":{"start":{"line":5,"column":0},"end":{"line":5,"column":27}},"6":{"start":{"line":7,"column":0},"end":{"line":7,"column":52}},"7":{"start":{"line":8,"column":0},"end":{"line":8,"column":14}},"8":{"start":{"line":9,"column":0},"end":{"line":9,"column":19}},"9":{"start":{"line":10,"column":0},"end":{"line":10,"column":13}},"10":{"start":{"line":11,"column":0},"end":{"line":11,"column":20}},"11":{"start":{"line":12,"column":0},"end":{"line":12,"column":16}},"12":{"start":{"line":13,"column":0},"end":{"line":13,"column":1}}},"s":{"0":0,"1":0,"2":0,"3":0,"4":0,"6":0,"7":0,"8":0,"9":0,"10":0,"11":0,"12":0},"branchMap":{"0":{"type":"branch","line":1,"loc":{"start":{"line":1,"column":274},"end":{"line":13,"column":-240}},"locations":[{"start":{"line":1,"column":274},"end":{"line":13,"column":-240}}]}},"b":{"0":[0]},"fnMap":{"0":{"name":"(empty-report)","decl":{"start":{"line":1,"column":274},"end":{"line":13,"column":-240}},"loc":{"start":{"line":1,"column":274},"end":{"line":13,"column":-240}},"line":1}},"f":{"0":0}}
,"/Users/Yousef_1/Dokumenter/HjemmesideIT/EksamKlarReboot/examklar-tdd/src/components/DeckManager.tsx": {"path":"/Users/Yousef_1/Dokumenter/HjemmesideIT/EksamKlarReboot/examklar-tdd/src/components/DeckManager.tsx","all":false,"statementMap":{"0":{"start":{"line":1,"column":0},"end":{"line":1,"column":48}},"1":{"start":{"line":2,"column":0},"end":{"line":2,"column":60}},"3":{"start":{"line":4,"column":0},"end":{"line":4,"column":36}},"4":{"start":{"line":5,"column":0},"end":{"line":5,"column":34}},"19":{"start":{"line":20,"column":0},"end":{"line":20,"column":18}},"20":{"start":{"line":21,"column":0},"end":{"line":21,"column":42}},"21":{"start":{"line":22,"column":0},"end":{"line":22,"column":41}},"22":{"start":{"line":23,"column":0},"end":{"line":23,"column":41}},"23":{"start":{"line":24,"column":0},"end":{"line":24,"column":40}},"24":{"start":{"line":25,"column":0},"end":{"line":25,"column":1}},"26":{"start":{"line":27,"column":0},"end":{"line":27,"column":22}},"27":{"start":{"line":28,"column":0},"end":{"line":28,"column":35}},"28":{"start":{"line":29,"column":0},"end":{"line":29,"column":46}},"29":{"start":{"line":30,"column":0},"end":{"line":30,"column":41}},"30":{"start":{"line":31,"column":0},"end":{"line":31,"column":1}},"32":{"start":{"line":33,"column":0},"end":{"line":33,"column":44}},"33":{"start":{"line":34,"column":0},"end":{"line":34,"column":9}},"34":{"start":{"line":35,"column":0},"end":{"line":35,"column":13}},"35":{"start":{"line":36,"column":0},"end":{"line":36,"column":15}},"36":{"start":{"line":37,"column":0},"end":{"line":37,"column":15}},"37":{"start":{"line":38,"column":0},"end":{"line":38,"column":15}},"38":{"start":{"line":39,"column":0},"end":{"line":39,"column":16}},"39":{"start":{"line":40,"column":0},"end":{"line":40,"column":14}},"40":{"start":{"line":41,"column":0},"end":{"line":41,"column":13}},"41":{"start":{"line":42,"column":0},"end":{"line":42,"column":15}},"42":{"start":{"line":43,"column":0},"end":{"line":43,"column":15}},"43":{"start":{"line":44,"column":0},"end":{"line":44,"column":20}},"44":{"start":{"line":45,"column":0},"end":{"line":45,"column":25}},"46":{"start":{"line":47,"column":0},"end":{"line":47,"column":61}},"47":{"start":{"line":48,"column":0},"end":{"line":48,"column":61}},"48":{"start":{"line":49,"column":0},"end":{"line":49,"column":76}},"49":{"start":{"line":50,"column":0},"end":{"line":50,"column":58}},"50":{"start":{"line":51,"column":0},"end":{"line":51,"column":50}},"51":{"start":{"line":52,"column":0},"end":{"line":52,"column":63}},"52":{"start":{"line":53,"column":0},"end":{"line":53,"column":46}},"53":{"start":{"line":54,"column":0},"end":{"line":54,"column":76}},"54":{"start":{"line":55,"column":0},"end":{"line":55,"column":13}},"55":{"start":{"line":56,"column":0},"end":{"line":56,"column":20}},"56":{"start":{"line":57,"column":0},"end":{"line":57,"column":25}},"57":{"start":{"line":58,"column":0},"end":{"line":58,"column":4}},"58":{"start":{"line":59,"column":0},"end":{"line":59,"column":66}},"59":{"start":{"line":60,"column":0},"end":{"line":60,"column":13}},"60":{"start":{"line":61,"column":0},"end":{"line":61,"column":19}},"61":{"start":{"line":62,"column":0},"end":{"line":62,"column":4}},"62":{"start":{"line":63,"column":0},"end":{"line":63,"column":50}},"64":{"start":{"line":65,"column":0},"end":{"line":65,"column":26}},"67":{"start":{"line":68,"column":0},"end":{"line":68,"column":39}},"68":{"start":{"line":69,"column":0},"end":{"line":69,"column":26}},"71":{"start":{"line":72,"column":0},"end":{"line":72,"column":21}},"72":{"start":{"line":73,"column":0},"end":{"line":73,"column":49}},"73":{"start":{"line":74,"column":0},"end":{"line":74,"column":5}},"76":{"start":{"line":77,"column":0},"end":{"line":77,"column":36}},"77":{"start":{"line":78,"column":0},"end":{"line":78,"column":70}},"78":{"start":{"line":79,"column":0},"end":{"line":79,"column":5}},"81":{"start":{"line":82,"column":0},"end":{"line":82,"column":36}},"82":{"start":{"line":83,"column":0},"end":{"line":83,"column":54}},"83":{"start":{"line":84,"column":0},"end":{"line":84,"column":23}},"84":{"start":{"line":85,"column":0},"end":{"line":85,"column":6}},"87":{"start":{"line":88,"column":0},"end":{"line":88,"column":32}},"88":{"start":{"line":89,"column":0},"end":{"line":89,"column":21}},"89":{"start":{"line":90,"column":0},"end":{"line":90,"column":45}},"90":{"start":{"line":91,"column":0},"end":{"line":91,"column":69}},"91":{"start":{"line":92,"column":0},"end":{"line":92,"column":73}},"92":{"start":{"line":93,"column":0},"end":{"line":93,"column":7}},"93":{"start":{"line":94,"column":0},"end":{"line":94,"column":5}},"94":{"start":{"line":95,"column":0},"end":{"line":95,"column":36}},"95":{"start":{"line":96,"column":0},"end":{"line":96,"column":80}},"96":{"start":{"line":97,"column":0},"end":{"line":97,"column":5}},"98":{"start":{"line":99,"column":0},"end":{"line":99,"column":21}},"99":{"start":{"line":100,"column":0},"end":{"line":100,"column":77}},"101":{"start":{"line":102,"column":0},"end":{"line":102,"column":52}},"102":{"start":{"line":103,"column":0},"end":{"line":103,"column":22}},"103":{"start":{"line":104,"column":0},"end":{"line":104,"column":16}},"104":{"start":{"line":105,"column":0},"end":{"line":105,"column":24}},"105":{"start":{"line":106,"column":0},"end":{"line":106,"column":15}},"106":{"start":{"line":107,"column":0},"end":{"line":107,"column":6}},"107":{"start":{"line":108,"column":0},"end":{"line":108,"column":75}},"108":{"start":{"line":109,"column":0},"end":{"line":109,"column":28}},"109":{"start":{"line":110,"column":0},"end":{"line":110,"column":3}},"111":{"start":{"line":112,"column":0},"end":{"line":112,"column":50}},"112":{"start":{"line":113,"column":0},"end":{"line":113,"column":22}},"113":{"start":{"line":114,"column":0},"end":{"line":114,"column":22}},"114":{"start":{"line":115,"column":0},"end":{"line":115,"column":46}},"115":{"start":{"line":116,"column":0},"end":{"line":116,"column":26}},"116":{"start":{"line":117,"column":0},"end":{"line":117,"column":52}},"117":{"start":{"line":118,"column":0},"end":{"line":118,"column":5}},"118":{"start":{"line":119,"column":0},"end":{"line":119,"column":3}},"120":{"start":{"line":121,"column":0},"end":{"line":121,"column":48}},"121":{"start":{"line":122,"column":0},"end":{"line":122,"column":71}},"122":{"start":{"line":123,"column":0},"end":{"line":123,"column":24}},"123":{"start":{"line":124,"column":0},"end":{"line":124,"column":5}},"124":{"start":{"line":125,"column":0},"end":{"line":125,"column":3}},"126":{"start":{"line":127,"column":0},"end":{"line":127,"column":48}},"127":{"start":{"line":128,"column":0},"end":{"line":128,"column":39}},"128":{"start":{"line":129,"column":0},"end":{"line":129,"column":27}},"129":{"start":{"line":130,"column":0},"end":{"line":130,"column":3}},"131":{"start":{"line":132,"column":0},"end":{"line":132,"column":52}},"132":{"start":{"line":133,"column":0},"end":{"line":133,"column":22}},"133":{"start":{"line":134,"column":0},"end":{"line":134,"column":9}},"134":{"start":{"line":135,"column":0},"end":{"line":135,"column":41}},"135":{"start":{"line":136,"column":0},"end":{"line":136,"column":35}},"136":{"start":{"line":137,"column":0},"end":{"line":137,"column":30}},"137":{"start":{"line":138,"column":0},"end":{"line":138,"column":25}},"138":{"start":{"line":139,"column":0},"end":{"line":139,"column":32}},"139":{"start":{"line":140,"column":0},"end":{"line":140,"column":14}},"140":{"start":{"line":141,"column":0},"end":{"line":141,"column":41}},"141":{"start":{"line":142,"column":0},"end":{"line":142,"column":7}},"142":{"start":{"line":143,"column":0},"end":{"line":143,"column":13}},"143":{"start":{"line":144,"column":0},"end":{"line":144,"column":34}},"144":{"start":{"line":145,"column":0},"end":{"line":145,"column":5}},"145":{"start":{"line":146,"column":0},"end":{"line":146,"column":3}},"147":{"start":{"line":148,"column":0},"end":{"line":148,"column":49}},"148":{"start":{"line":149,"column":0},"end":{"line":149,"column":24}},"149":{"start":{"line":150,"column":0},"end":{"line":150,"column":21}},"150":{"start":{"line":151,"column":0},"end":{"line":151,"column":22}},"151":{"start":{"line":152,"column":0},"end":{"line":152,"column":35}},"152":{"start":{"line":153,"column":0},"end":{"line":153,"column":6}},"153":{"start":{"line":154,"column":0},"end":{"line":154,"column":3}},"155":{"start":{"line":156,"column":0},"end":{"line":156,"column":10}},"156":{"start":{"line":157,"column":0},"end":{"line":157,"column":43}},"157":{"start":{"line":158,"column":0},"end":{"line":158,"column":80}},"160":{"start":{"line":161,"column":0},"end":{"line":161,"column":66}},"161":{"start":{"line":162,"column":0},"end":{"line":162,"column":51}},"162":{"start":{"line":163,"column":0},"end":{"line":163,"column":77}},"163":{"start":{"line":164,"column":0},"end":{"line":164,"column":80}},"164":{"start":{"line":165,"column":0},"end":{"line":165,"column":14}},"165":{"start":{"line":166,"column":0},"end":{"line":166,"column":52}},"166":{"start":{"line":167,"column":0},"end":{"line":167,"column":78}},"167":{"start":{"line":168,"column":0},"end":{"line":168,"column":81}},"168":{"start":{"line":169,"column":0},"end":{"line":169,"column":14}},"169":{"start":{"line":170,"column":0},"end":{"line":170,"column":53}},"170":{"start":{"line":171,"column":0},"end":{"line":171,"column":77}},"171":{"start":{"line":172,"column":0},"end":{"line":172,"column":89}},"172":{"start":{"line":173,"column":0},"end":{"line":173,"column":14}},"173":{"start":{"line":174,"column":0},"end":{"line":174,"column":12}},"176":{"start":{"line":177,"column":0},"end":{"line":177,"column":62}},"177":{"start":{"line":178,"column":0},"end":{"line":178,"column":80}},"178":{"start":{"line":179,"column":0},"end":{"line":179,"column":38}},"179":{"start":{"line":180,"column":0},"end":{"line":180,"column":19}},"180":{"start":{"line":181,"column":0},"end":{"line":181,"column":53}},"181":{"start":{"line":182,"column":0},"end":{"line":182,"column":31}},"182":{"start":{"line":183,"column":0},"end":{"line":183,"column":13}},"184":{"start":{"line":185,"column":0},"end":{"line":185,"column":21}},"185":{"start":{"line":186,"column":0},"end":{"line":186,"column":19}},"186":{"start":{"line":187,"column":0},"end":{"line":187,"column":53}},"187":{"start":{"line":188,"column":0},"end":{"line":188,"column":31}},"188":{"start":{"line":189,"column":0},"end":{"line":189,"column":13}},"190":{"start":{"line":191,"column":0},"end":{"line":191,"column":21}},"191":{"start":{"line":192,"column":0},"end":{"line":192,"column":16}},"192":{"start":{"line":193,"column":0},"end":{"line":193,"column":14}},"195":{"start":{"line":196,"column":0},"end":{"line":196,"column":63}},"196":{"start":{"line":197,"column":0},"end":{"line":197,"column":15}},"197":{"start":{"line":198,"column":0},"end":{"line":198,"column":18}},"198":{"start":{"line":199,"column":0},"end":{"line":199,"column":25}},"199":{"start":{"line":200,"column":0},"end":{"line":200,"column":43}},"200":{"start":{"line":201,"column":0},"end":{"line":201,"column":32}},"201":{"start":{"line":202,"column":0},"end":{"line":202,"column":61}},"202":{"start":{"line":203,"column":0},"end":{"line":203,"column":14}},"203":{"start":{"line":204,"column":0},"end":{"line":204,"column":16}},"204":{"start":{"line":205,"column":0},"end":{"line":205,"column":15}},"205":{"start":{"line":206,"column":0},"end":{"line":206,"column":76}},"207":{"start":{"line":208,"column":0},"end":{"line":208,"column":20}},"208":{"start":{"line":209,"column":0},"end":{"line":209,"column":19}},"209":{"start":{"line":210,"column":0},"end":{"line":210,"column":128}},"210":{"start":{"line":211,"column":0},"end":{"line":211,"column":37}},"211":{"start":{"line":212,"column":0},"end":{"line":212,"column":66}},"213":{"start":{"line":214,"column":0},"end":{"line":214,"column":55}},"214":{"start":{"line":215,"column":0},"end":{"line":215,"column":40}},"215":{"start":{"line":216,"column":0},"end":{"line":216,"column":60}},"216":{"start":{"line":217,"column":0},"end":{"line":217,"column":32}},"217":{"start":{"line":218,"column":0},"end":{"line":218,"column":25}},"218":{"start":{"line":219,"column":0},"end":{"line":219,"column":17}},"219":{"start":{"line":220,"column":0},"end":{"line":220,"column":21}},"220":{"start":{"line":221,"column":0},"end":{"line":221,"column":16}},"221":{"start":{"line":222,"column":0},"end":{"line":222,"column":15}},"222":{"start":{"line":223,"column":0},"end":{"line":223,"column":76}},"224":{"start":{"line":225,"column":0},"end":{"line":225,"column":20}},"225":{"start":{"line":226,"column":0},"end":{"line":226,"column":19}},"226":{"start":{"line":227,"column":0},"end":{"line":227,"column":128}},"227":{"start":{"line":228,"column":0},"end":{"line":228,"column":28}},"228":{"start":{"line":229,"column":0},"end":{"line":229,"column":57}},"230":{"start":{"line":231,"column":0},"end":{"line":231,"column":43}},"231":{"start":{"line":232,"column":0},"end":{"line":232,"column":64}},"232":{"start":{"line":233,"column":0},"end":{"line":233,"column":32}},"233":{"start":{"line":234,"column":0},"end":{"line":234,"column":25}},"234":{"start":{"line":235,"column":0},"end":{"line":235,"column":17}},"235":{"start":{"line":236,"column":0},"end":{"line":236,"column":21}},"236":{"start":{"line":237,"column":0},"end":{"line":237,"column":16}},"237":{"start":{"line":238,"column":0},"end":{"line":238,"column":14}},"238":{"start":{"line":239,"column":0},"end":{"line":239,"column":12}},"241":{"start":{"line":242,"column":0},"end":{"line":242,"column":76}},"242":{"start":{"line":243,"column":0},"end":{"line":243,"column":36}},"243":{"start":{"line":244,"column":0},"end":{"line":244,"column":75}},"244":{"start":{"line":245,"column":0},"end":{"line":245,"column":67}},"245":{"start":{"line":246,"column":0},"end":{"line":246,"column":82}},"246":{"start":{"line":247,"column":0},"end":{"line":247,"column":42}},"247":{"start":{"line":248,"column":0},"end":{"line":248,"column":23}},"248":{"start":{"line":249,"column":0},"end":{"line":249,"column":52}},"249":{"start":{"line":250,"column":0},"end":{"line":250,"column":40}},"250":{"start":{"line":251,"column":0},"end":{"line":251,"column":63}},"251":{"start":{"line":252,"column":0},"end":{"line":252,"column":17}},"253":{"start":{"line":254,"column":0},"end":{"line":254,"column":25}},"254":{"start":{"line":255,"column":0},"end":{"line":255,"column":23}},"255":{"start":{"line":256,"column":0},"end":{"line":256,"column":59}},"256":{"start":{"line":257,"column":0},"end":{"line":257,"column":42}},"257":{"start":{"line":258,"column":0},"end":{"line":258,"column":65}},"258":{"start":{"line":259,"column":0},"end":{"line":259,"column":17}},"260":{"start":{"line":261,"column":0},"end":{"line":261,"column":25}},"261":{"start":{"line":262,"column":0},"end":{"line":262,"column":23}},"262":{"start":{"line":263,"column":0},"end":{"line":263,"column":59}},"263":{"start":{"line":264,"column":0},"end":{"line":264,"column":42}},"264":{"start":{"line":265,"column":0},"end":{"line":265,"column":61}},"265":{"start":{"line":266,"column":0},"end":{"line":266,"column":17}},"267":{"start":{"line":268,"column":0},"end":{"line":268,"column":25}},"268":{"start":{"line":269,"column":0},"end":{"line":269,"column":20}},"269":{"start":{"line":270,"column":0},"end":{"line":270,"column":18}},"270":{"start":{"line":271,"column":0},"end":{"line":271,"column":68}},"271":{"start":{"line":272,"column":0},"end":{"line":272,"column":85}},"272":{"start":{"line":273,"column":0},"end":{"line":273,"column":52}},"273":{"start":{"line":274,"column":0},"end":{"line":274,"column":78}},"274":{"start":{"line":275,"column":0},"end":{"line":275,"column":18}},"275":{"start":{"line":276,"column":0},"end":{"line":276,"column":16}},"276":{"start":{"line":277,"column":0},"end":{"line":277,"column":11}},"277":{"start":{"line":278,"column":0},"end":{"line":278,"column":12}},"280":{"start":{"line":281,"column":0},"end":{"line":281,"column":26}},"281":{"start":{"line":282,"column":0},"end":{"line":282,"column":104}},"282":{"start":{"line":283,"column":0},"end":{"line":283,"column":67}},"283":{"start":{"line":284,"column":0},"end":{"line":284,"column":76}},"284":{"start":{"line":285,"column":0},"end":{"line":285,"column":46}},"285":{"start":{"line":286,"column":0},"end":{"line":286,"column":36}},"286":{"start":{"line":287,"column":0},"end":{"line":287,"column":100}},"288":{"start":{"line":289,"column":0},"end":{"line":289,"column":24}},"289":{"start":{"line":290,"column":0},"end":{"line":290,"column":22}},"290":{"start":{"line":291,"column":0},"end":{"line":291,"column":32}},"291":{"start":{"line":292,"column":0},"end":{"line":292,"column":29}},"292":{"start":{"line":293,"column":0},"end":{"line":293,"column":45}},"293":{"start":{"line":294,"column":0},"end":{"line":294,"column":98}},"294":{"start":{"line":295,"column":0},"end":{"line":295,"column":26}},"295":{"start":{"line":296,"column":0},"end":{"line":296,"column":18}},"296":{"start":{"line":297,"column":0},"end":{"line":297,"column":20}},"297":{"start":{"line":298,"column":0},"end":{"line":298,"column":36}},"298":{"start":{"line":299,"column":0},"end":{"line":299,"column":107}},"300":{"start":{"line":301,"column":0},"end":{"line":301,"column":24}},"301":{"start":{"line":302,"column":0},"end":{"line":302,"column":25}},"302":{"start":{"line":303,"column":0},"end":{"line":303,"column":39}},"303":{"start":{"line":304,"column":0},"end":{"line":304,"column":132}},"304":{"start":{"line":305,"column":0},"end":{"line":305,"column":26}},"305":{"start":{"line":306,"column":0},"end":{"line":306,"column":52}},"306":{"start":{"line":307,"column":0},"end":{"line":307,"column":105}},"307":{"start":{"line":308,"column":0},"end":{"line":308,"column":26}},"308":{"start":{"line":309,"column":0},"end":{"line":309,"column":18}},"309":{"start":{"line":310,"column":0},"end":{"line":310,"column":20}},"310":{"start":{"line":311,"column":0},"end":{"line":311,"column":36}},"311":{"start":{"line":312,"column":0},"end":{"line":312,"column":103}},"313":{"start":{"line":314,"column":0},"end":{"line":314,"column":24}},"314":{"start":{"line":315,"column":0},"end":{"line":315,"column":23}},"315":{"start":{"line":316,"column":0},"end":{"line":316,"column":35}},"316":{"start":{"line":317,"column":0},"end":{"line":317,"column":132}},"317":{"start":{"line":318,"column":0},"end":{"line":318,"column":50}},"318":{"start":{"line":319,"column":0},"end":{"line":319,"column":103}},"319":{"start":{"line":320,"column":0},"end":{"line":320,"column":26}},"321":{"start":{"line":322,"column":0},"end":{"line":322,"column":44}},"322":{"start":{"line":323,"column":0},"end":{"line":323,"column":64}},"323":{"start":{"line":324,"column":0},"end":{"line":324,"column":36}},"324":{"start":{"line":325,"column":0},"end":{"line":325,"column":29}},"325":{"start":{"line":326,"column":0},"end":{"line":326,"column":21}},"326":{"start":{"line":327,"column":0},"end":{"line":327,"column":25}},"327":{"start":{"line":328,"column":0},"end":{"line":328,"column":20}},"328":{"start":{"line":329,"column":0},"end":{"line":329,"column":42}},"329":{"start":{"line":330,"column":0},"end":{"line":330,"column":56}},"331":{"start":{"line":332,"column":0},"end":{"line":332,"column":25}},"332":{"start":{"line":333,"column":0},"end":{"line":333,"column":23}},"333":{"start":{"line":334,"column":0},"end":{"line":334,"column":31}},"334":{"start":{"line":335,"column":0},"end":{"line":335,"column":35}},"335":{"start":{"line":336,"column":0},"end":{"line":336,"column":58}},"336":{"start":{"line":337,"column":0},"end":{"line":337,"column":17}},"338":{"start":{"line":339,"column":0},"end":{"line":339,"column":25}},"339":{"start":{"line":340,"column":0},"end":{"line":340,"column":20}},"340":{"start":{"line":341,"column":0},"end":{"line":341,"column":19}},"341":{"start":{"line":342,"column":0},"end":{"line":342,"column":16}},"342":{"start":{"line":343,"column":0},"end":{"line":343,"column":14}},"346":{"start":{"line":347,"column":0},"end":{"line":347,"column":23}},"347":{"start":{"line":348,"column":0},"end":{"line":348,"column":104}},"348":{"start":{"line":349,"column":0},"end":{"line":349,"column":67}},"349":{"start":{"line":350,"column":0},"end":{"line":350,"column":70}},"350":{"start":{"line":351,"column":0},"end":{"line":351,"column":44}},"351":{"start":{"line":352,"column":0},"end":{"line":352,"column":36}},"352":{"start":{"line":353,"column":0},"end":{"line":353,"column":105}},"354":{"start":{"line":355,"column":0},"end":{"line":355,"column":24}},"355":{"start":{"line":356,"column":0},"end":{"line":356,"column":22}},"356":{"start":{"line":357,"column":0},"end":{"line":357,"column":37}},"357":{"start":{"line":358,"column":0},"end":{"line":358,"column":29}},"358":{"start":{"line":359,"column":0},"end":{"line":359,"column":43}},"359":{"start":{"line":360,"column":0},"end":{"line":360,"column":94}},"360":{"start":{"line":361,"column":0},"end":{"line":361,"column":26}},"361":{"start":{"line":362,"column":0},"end":{"line":362,"column":18}},"362":{"start":{"line":363,"column":0},"end":{"line":363,"column":20}},"363":{"start":{"line":364,"column":0},"end":{"line":364,"column":36}},"364":{"start":{"line":365,"column":0},"end":{"line":365,"column":112}},"366":{"start":{"line":367,"column":0},"end":{"line":367,"column":24}},"367":{"start":{"line":368,"column":0},"end":{"line":368,"column":25}},"368":{"start":{"line":369,"column":0},"end":{"line":369,"column":44}},"369":{"start":{"line":370,"column":0},"end":{"line":370,"column":132}},"370":{"start":{"line":371,"column":0},"end":{"line":371,"column":26}},"371":{"start":{"line":372,"column":0},"end":{"line":372,"column":50}},"372":{"start":{"line":373,"column":0},"end":{"line":373,"column":101}},"373":{"start":{"line":374,"column":0},"end":{"line":374,"column":26}},"374":{"start":{"line":375,"column":0},"end":{"line":375,"column":18}},"375":{"start":{"line":376,"column":0},"end":{"line":376,"column":20}},"376":{"start":{"line":377,"column":0},"end":{"line":377,"column":42}},"377":{"start":{"line":378,"column":0},"end":{"line":378,"column":56}},"379":{"start":{"line":380,"column":0},"end":{"line":380,"column":25}},"380":{"start":{"line":381,"column":0},"end":{"line":381,"column":23}},"381":{"start":{"line":382,"column":0},"end":{"line":382,"column":31}},"382":{"start":{"line":383,"column":0},"end":{"line":383,"column":35}},"383":{"start":{"line":384,"column":0},"end":{"line":384,"column":54}},"384":{"start":{"line":385,"column":0},"end":{"line":385,"column":17}},"386":{"start":{"line":387,"column":0},"end":{"line":387,"column":25}},"387":{"start":{"line":388,"column":0},"end":{"line":388,"column":20}},"388":{"start":{"line":389,"column":0},"end":{"line":389,"column":19}},"389":{"start":{"line":390,"column":0},"end":{"line":390,"column":16}},"390":{"start":{"line":391,"column":0},"end":{"line":391,"column":14}},"394":{"start":{"line":395,"column":0},"end":{"line":395,"column":26}},"395":{"start":{"line":396,"column":0},"end":{"line":396,"column":104}},"396":{"start":{"line":397,"column":0},"end":{"line":397,"column":67}},"397":{"start":{"line":398,"column":0},"end":{"line":398,"column":82}},"398":{"start":{"line":399,"column":0},"end":{"line":399,"column":46}},"399":{"start":{"line":400,"column":0},"end":{"line":400,"column":36}},"400":{"start":{"line":401,"column":0},"end":{"line":401,"column":102}},"402":{"start":{"line":403,"column":0},"end":{"line":403,"column":24}},"403":{"start":{"line":404,"column":0},"end":{"line":404,"column":25}},"404":{"start":{"line":405,"column":0},"end":{"line":405,"column":34}},"405":{"start":{"line":406,"column":0},"end":{"line":406,"column":132}},"406":{"start":{"line":407,"column":0},"end":{"line":407,"column":26}},"407":{"start":{"line":408,"column":0},"end":{"line":408,"column":36}},"408":{"start":{"line":409,"column":0},"end":{"line":409,"column":65}},"409":{"start":{"line":410,"column":0},"end":{"line":410,"column":60}},"410":{"start":{"line":411,"column":0},"end":{"line":411,"column":26}},"411":{"start":{"line":412,"column":0},"end":{"line":412,"column":18}},"412":{"start":{"line":413,"column":0},"end":{"line":413,"column":20}},"413":{"start":{"line":414,"column":0},"end":{"line":414,"column":42}},"414":{"start":{"line":415,"column":0},"end":{"line":415,"column":56}},"416":{"start":{"line":417,"column":0},"end":{"line":417,"column":25}},"417":{"start":{"line":418,"column":0},"end":{"line":418,"column":23}},"418":{"start":{"line":419,"column":0},"end":{"line":419,"column":31}},"419":{"start":{"line":420,"column":0},"end":{"line":420,"column":35}},"420":{"start":{"line":421,"column":0},"end":{"line":421,"column":58}},"421":{"start":{"line":422,"column":0},"end":{"line":422,"column":17}},"423":{"start":{"line":424,"column":0},"end":{"line":424,"column":25}},"424":{"start":{"line":425,"column":0},"end":{"line":425,"column":20}},"425":{"start":{"line":426,"column":0},"end":{"line":426,"column":19}},"426":{"start":{"line":427,"column":0},"end":{"line":427,"column":16}},"427":{"start":{"line":428,"column":0},"end":{"line":428,"column":14}},"431":{"start":{"line":432,"column":0},"end":{"line":432,"column":22}},"432":{"start":{"line":433,"column":0},"end":{"line":433,"column":104}},"433":{"start":{"line":434,"column":0},"end":{"line":434,"column":68}},"434":{"start":{"line":435,"column":0},"end":{"line":435,"column":77}},"435":{"start":{"line":436,"column":0},"end":{"line":436,"column":21}},"436":{"start":{"line":437,"column":0},"end":{"line":437,"column":128}},"437":{"start":{"line":438,"column":0},"end":{"line":438,"column":23}},"438":{"start":{"line":439,"column":0},"end":{"line":439,"column":32}},"439":{"start":{"line":440,"column":0},"end":{"line":440,"column":22}},"440":{"start":{"line":441,"column":0},"end":{"line":441,"column":14}},"441":{"start":{"line":442,"column":0},"end":{"line":442,"column":45}},"442":{"start":{"line":443,"column":0},"end":{"line":443,"column":21}},"443":{"start":{"line":444,"column":0},"end":{"line":444,"column":73}},"444":{"start":{"line":445,"column":0},"end":{"line":445,"column":33}},"445":{"start":{"line":446,"column":0},"end":{"line":446,"column":15}},"447":{"start":{"line":448,"column":0},"end":{"line":448,"column":23}},"448":{"start":{"line":449,"column":0},"end":{"line":449,"column":21}},"449":{"start":{"line":450,"column":0},"end":{"line":450,"column":49}},"450":{"start":{"line":451,"column":0},"end":{"line":451,"column":33}},"451":{"start":{"line":452,"column":0},"end":{"line":452,"column":15}},"453":{"start":{"line":454,"column":0},"end":{"line":454,"column":23}},"454":{"start":{"line":455,"column":0},"end":{"line":455,"column":18}},"455":{"start":{"line":456,"column":0},"end":{"line":456,"column":16}},"456":{"start":{"line":457,"column":0},"end":{"line":457,"column":14}},"461":{"start":{"line":462,"column":0},"end":{"line":462,"column":10}},"463":{"start":{"line":464,"column":0},"end":{"line":464,"column":1}}},"s":{"0":1,"1":1,"3":1,"4":1,"19":1,"20":1,"21":1,"22":1,"23":1,"24":1,"26":1,"27":1,"28":1,"29":1,"30":1,"32":1,"33":204,"34":204,"35":204,"36":204,"37":204,"38":204,"39":204,"40":204,"41":204,"42":204,"43":204,"44":204,"46":204,"47":204,"48":204,"49":204,"50":204,"51":204,"52":204,"53":204,"54":204,"55":204,"56":204,"57":204,"58":204,"59":204,"60":204,"61":204,"62":204,"64":204,"67":204,"68":16,"71":16,"72":7,"73":7,"76":16,"77":0,"78":0,"81":16,"82":16,"83":16,"84":16,"87":16,"88":16,"89":7,"90":21,"91":13,"92":7,"93":7,"94":16,"95":0,"96":0,"98":16,"99":204,"101":204,"102":6,"103":6,"104":6,"105":6,"106":6,"107":6,"108":6,"109":6,"111":204,"112":0,"113":0,"114":0,"115":0,"116":0,"117":0,"118":0,"120":204,"121":1,"122":1,"123":1,"124":1,"126":204,"127":1,"128":1,"129":1,"131":204,"132":1,"133":1,"134":1,"135":1,"136":1,"137":1,"138":1,"139":1,"140":0,"141":0,"142":1,"143":0,"144":0,"145":1,"147":204,"148":1,"149":1,"150":1,"151":1,"152":1,"153":1,"155":204,"156":204,"157":204,"160":204,"161":204,"162":204,"163":204,"164":204,"165":204,"166":204,"167":204,"168":204,"169":204,"170":204,"171":204,"172":204,"173":204,"176":204,"177":204,"178":204,"179":204,"180":204,"181":204,"182":204,"184":204,"185":204,"186":204,"187":204,"188":204,"190":204,"191":204,"192":204,"195":204,"196":204,"197":204,"198":204,"199":204,"200":204,"201":204,"202":204,"203":204,"204":204,"205":204,"207":204,"208":204,"209":204,"210":204,"211":204,"213":204,"214":204,"215":816,"216":816,"217":816,"218":204,"219":204,"220":204,"221":204,"222":204,"224":204,"225":204,"226":204,"227":204,"228":204,"230":204,"231":612,"232":612,"233":612,"234":204,"235":204,"236":204,"237":204,"238":204,"241":204,"242":204,"243":454,"244":454,"245":454,"246":454,"247":454,"248":454,"249":454,"250":454,"251":454,"253":454,"254":454,"255":454,"256":454,"257":454,"258":454,"260":454,"261":454,"262":454,"263":454,"264":454,"265":454,"267":454,"268":454,"269":454,"270":454,"271":454,"272":454,"273":454,"274":454,"275":454,"276":204,"277":204,"280":204,"281":176,"282":176,"283":176,"284":176,"285":176,"286":176,"288":176,"289":176,"290":176,"291":176,"292":176,"293":176,"294":176,"295":176,"296":176,"297":176,"298":176,"300":176,"301":176,"302":176,"303":176,"304":176,"305":176,"306":176,"307":176,"308":176,"309":176,"310":176,"311":176,"313":176,"314":176,"315":176,"316":176,"317":176,"318":176,"319":176,"321":176,"322":704,"323":704,"324":704,"325":176,"326":176,"327":176,"328":176,"329":176,"331":176,"332":176,"333":176,"334":176,"335":176,"336":176,"338":176,"339":176,"340":176,"341":176,"342":176,"346":204,"347":1,"348":1,"349":1,"350":1,"351":1,"352":1,"354":1,"355":1,"356":1,"357":1,"358":1,"359":1,"360":1,"361":1,"362":1,"363":1,"364":1,"366":1,"367":1,"368":1,"369":1,"370":1,"371":1,"372":1,"373":1,"374":1,"375":1,"376":1,"377":1,"379":1,"380":1,"381":1,"382":1,"383":1,"384":1,"386":1,"387":1,"388":1,"389":1,"390":1,"394":204,"395":2,"396":2,"397":2,"398":2,"399":2,"400":2,"402":2,"403":2,"404":2,"405":2,"406":2,"407":2,"408":2,"409":2,"410":2,"411":2,"412":2,"413":2,"414":2,"416":2,"417":2,"418":2,"419":2,"420":2,"421":2,"423":2,"424":2,"425":2,"426":2,"427":2,"431":204,"432":1,"433":1,"434":1,"435":1,"436":1,"437":1,"438":1,"439":1,"440":1,"441":1,"442":1,"443":1,"444":1,"445":1,"447":1,"448":1,"449":1,"450":1,"451":1,"453":1,"454":1,"455":1,"456":1,"461":204,"463":204},"branchMap":{"0":{"type":"branch","line":33,"loc":{"start":{"line":33,"column":37},"end":{"line":464,"column":1}},"locations":[{"start":{"line":33,"column":37},"end":{"line":464,"column":1}}]},"1":{"type":"branch","line":281,"loc":{"start":{"line":281,"column":7},"end":{"line":343,"column":14}},"locations":[{"start":{"line":281,"column":7},"end":{"line":343,"column":14}}]},"2":{"type":"branch","line":347,"loc":{"start":{"line":347,"column":7},"end":{"line":391,"column":14}},"locations":[{"start":{"line":347,"column":7},"end":{"line":391,"column":14}}]},"3":{"type":"branch","line":395,"loc":{"start":{"line":395,"column":7},"end":{"line":428,"column":14}},"locations":[{"start":{"line":395,"column":7},"end":{"line":428,"column":14}}]},"4":{"type":"branch","line":432,"loc":{"start":{"line":432,"column":7},"end":{"line":457,"column":14}},"locations":[{"start":{"line":432,"column":7},"end":{"line":457,"column":14}}]},"5":{"type":"branch","line":68,"loc":{"start":{"line":68,"column":32},"end":{"line":100,"column":5}},"locations":[{"start":{"line":68,"column":32},"end":{"line":100,"column":5}}]},"6":{"type":"branch","line":72,"loc":{"start":{"line":72,"column":20},"end":{"line":74,"column":5}},"locations":[{"start":{"line":72,"column":20},"end":{"line":74,"column":5}}]},"7":{"type":"branch","line":77,"loc":{"start":{"line":77,"column":35},"end":{"line":79,"column":5}},"locations":[{"start":{"line":77,"column":35},"end":{"line":79,"column":5}}]},"8":{"type":"branch","line":89,"loc":{"start":{"line":89,"column":20},"end":{"line":94,"column":5}},"locations":[{"start":{"line":89,"column":20},"end":{"line":94,"column":5}}]},"9":{"type":"branch","line":95,"loc":{"start":{"line":95,"column":35},"end":{"line":97,"column":5}},"locations":[{"start":{"line":95,"column":35},"end":{"line":97,"column":5}}]},"10":{"type":"branch","line":90,"loc":{"start":{"line":90,"column":37},"end":{"line":92,"column":73}},"locations":[{"start":{"line":90,"column":37},"end":{"line":92,"column":73}}]},"11":{"type":"branch","line":91,"loc":{"start":{"line":91,"column":65},"end":{"line":92,"column":73}},"locations":[{"start":{"line":91,"column":65},"end":{"line":92,"column":73}}]},"12":{"type":"branch","line":102,"loc":{"start":{"line":102,"column":27},"end":{"line":110,"column":3}},"locations":[{"start":{"line":102,"column":27},"end":{"line":110,"column":3}}]},"13":{"type":"branch","line":121,"loc":{"start":{"line":121,"column":27},"end":{"line":125,"column":3}},"locations":[{"start":{"line":121,"column":27},"end":{"line":125,"column":3}}]},"14":{"type":"branch","line":127,"loc":{"start":{"line":127,"column":27},"end":{"line":130,"column":3}},"locations":[{"start":{"line":127,"column":27},"end":{"line":130,"column":3}}]},"15":{"type":"branch","line":132,"loc":{"start":{"line":132,"column":27},"end":{"line":146,"column":3}},"locations":[{"start":{"line":132,"column":27},"end":{"line":146,"column":3}}]},"16":{"type":"branch","line":140,"loc":{"start":{"line":140,"column":6},"end":{"line":142,"column":7}},"locations":[{"start":{"line":140,"column":6},"end":{"line":142,"column":7}}]},"17":{"type":"branch","line":143,"loc":{"start":{"line":143,"column":4},"end":{"line":145,"column":5}},"locations":[{"start":{"line":143,"column":4},"end":{"line":145,"column":5}}]},"18":{"type":"branch","line":148,"loc":{"start":{"line":148,"column":23},"end":{"line":154,"column":3}},"locations":[{"start":{"line":148,"column":23},"end":{"line":154,"column":3}}]},"19":{"type":"branch","line":181,"loc":{"start":{"line":181,"column":23},"end":{"line":181,"column":53}},"locations":[{"start":{"line":181,"column":23},"end":{"line":181,"column":53}}]},"20":{"type":"branch","line":187,"loc":{"start":{"line":187,"column":23},"end":{"line":187,"column":53}},"locations":[{"start":{"line":187,"column":23},"end":{"line":187,"column":53}}]},"21":{"type":"branch","line":202,"loc":{"start":{"line":202,"column":24},"end":{"line":202,"column":61}},"locations":[{"start":{"line":202,"column":24},"end":{"line":202,"column":61}}]},"22":{"type":"branch","line":215,"loc":{"start":{"line":215,"column":28},"end":{"line":218,"column":25}},"locations":[{"start":{"line":215,"column":28},"end":{"line":218,"column":25}}]},"23":{"type":"branch","line":231,"loc":{"start":{"line":231,"column":32},"end":{"line":234,"column":25}},"locations":[{"start":{"line":231,"column":32},"end":{"line":234,"column":25}}]},"24":{"type":"branch","line":243,"loc":{"start":{"line":243,"column":27},"end":{"line":276,"column":16}},"locations":[{"start":{"line":243,"column":27},"end":{"line":276,"column":16}}]},"25":{"type":"branch","line":249,"loc":{"start":{"line":249,"column":27},"end":{"line":249,"column":52}},"locations":[{"start":{"line":249,"column":27},"end":{"line":249,"column":52}}]},"26":{"type":"branch","line":256,"loc":{"start":{"line":256,"column":27},"end":{"line":256,"column":59}},"locations":[{"start":{"line":256,"column":27},"end":{"line":256,"column":59}}]},"27":{"type":"branch","line":263,"loc":{"start":{"line":263,"column":27},"end":{"line":263,"column":59}},"locations":[{"start":{"line":263,"column":27},"end":{"line":263,"column":59}}]},"28":{"type":"branch","line":274,"loc":{"start":{"line":274,"column":35},"end":{"line":274,"column":63}},"locations":[{"start":{"line":274,"column":35},"end":{"line":274,"column":63}}]},"29":{"type":"branch","line":294,"loc":{"start":{"line":294,"column":28},"end":{"line":294,"column":98}},"locations":[{"start":{"line":294,"column":28},"end":{"line":294,"column":98}}]},"30":{"type":"branch","line":307,"loc":{"start":{"line":307,"column":28},"end":{"line":307,"column":105}},"locations":[{"start":{"line":307,"column":28},"end":{"line":307,"column":105}}]},"31":{"type":"branch","line":319,"loc":{"start":{"line":319,"column":28},"end":{"line":319,"column":103}},"locations":[{"start":{"line":319,"column":28},"end":{"line":319,"column":103}}]},"32":{"type":"branch","line":322,"loc":{"start":{"line":322,"column":32},"end":{"line":325,"column":29}},"locations":[{"start":{"line":322,"column":32},"end":{"line":325,"column":29}}]},"33":{"type":"branch","line":409,"loc":{"start":{"line":409,"column":28},"end":{"line":409,"column":65}},"locations":[{"start":{"line":409,"column":28},"end":{"line":409,"column":65}}]}},"b":{"0":[204],"1":[176],"2":[1],"3":[2],"4":[1],"5":[16],"6":[7],"7":[0],"8":[7],"9":[0],"10":[21],"11":[13],"12":[6],"13":[1],"14":[1],"15":[1],"16":[0],"17":[0],"18":[1],"19":[7],"20":[1],"21":[7],"22":[816],"23":[612],"24":[454],"25":[1],"26":[1],"27":[1],"28":[561],"29":[60],"30":[103],"31":[6],"32":[704],"33":[1]},"fnMap":{"0":{"name":"DeckManager","decl":{"start":{"line":33,"column":37},"end":{"line":464,"column":1}},"loc":{"start":{"line":33,"column":37},"end":{"line":464,"column":1}},"line":33},"1":{"name":"handleCreateDeck","decl":{"start":{"line":102,"column":27},"end":{"line":110,"column":3}},"loc":{"start":{"line":102,"column":27},"end":{"line":110,"column":3}},"line":102},"2":{"name":"handleEditDeck","decl":{"start":{"line":112,"column":25},"end":{"line":119,"column":3}},"loc":{"start":{"line":112,"column":25},"end":{"line":119,"column":3}},"line":112},"3":{"name":"handleDeleteDeck","decl":{"start":{"line":121,"column":27},"end":{"line":125,"column":3}},"loc":{"start":{"line":121,"column":27},"end":{"line":125,"column":3}},"line":121},"4":{"name":"handleExportDeck","decl":{"start":{"line":127,"column":27},"end":{"line":130,"column":3}},"loc":{"start":{"line":127,"column":27},"end":{"line":130,"column":3}},"line":127},"5":{"name":"handleImportDeck","decl":{"start":{"line":132,"column":27},"end":{"line":146,"column":3}},"loc":{"start":{"line":132,"column":27},"end":{"line":146,"column":3}},"line":132},"6":{"name":"startEditing","decl":{"start":{"line":148,"column":23},"end":{"line":154,"column":3}},"loc":{"start":{"line":148,"column":23},"end":{"line":154,"column":3}},"line":148},"7":{"name":"onClick","decl":{"start":{"line":181,"column":23},"end":{"line":181,"column":53}},"loc":{"start":{"line":181,"column":23},"end":{"line":181,"column":53}},"line":181},"8":{"name":"onClick","decl":{"start":{"line":187,"column":23},"end":{"line":187,"column":53}},"loc":{"start":{"line":187,"column":23},"end":{"line":187,"column":53}},"line":187},"9":{"name":"onChange","decl":{"start":{"line":202,"column":24},"end":{"line":202,"column":61}},"loc":{"start":{"line":202,"column":24},"end":{"line":202,"column":61}},"line":202},"10":{"name":"onChange","decl":{"start":{"line":212,"column":24},"end":{"line":212,"column":66}},"loc":{"start":{"line":212,"column":24},"end":{"line":212,"column":66}},"line":212},"11":{"name":"onChange","decl":{"start":{"line":229,"column":24},"end":{"line":229,"column":57}},"loc":{"start":{"line":229,"column":24},"end":{"line":229,"column":57}},"line":229},"12":{"name":"onClick","decl":{"start":{"line":249,"column":27},"end":{"line":249,"column":52}},"loc":{"start":{"line":249,"column":27},"end":{"line":249,"column":52}},"line":249},"13":{"name":"onClick","decl":{"start":{"line":256,"column":27},"end":{"line":256,"column":59}},"loc":{"start":{"line":256,"column":27},"end":{"line":256,"column":59}},"line":256},"14":{"name":"onClick","decl":{"start":{"line":263,"column":27},"end":{"line":263,"column":59}},"loc":{"start":{"line":263,"column":27},"end":{"line":263,"column":59}},"line":263},"15":{"name":"onChange","decl":{"start":{"line":294,"column":28},"end":{"line":294,"column":98}},"loc":{"start":{"line":294,"column":28},"end":{"line":294,"column":98}},"line":294},"16":{"name":"onChange","decl":{"start":{"line":307,"column":28},"end":{"line":307,"column":105}},"loc":{"start":{"line":307,"column":28},"end":{"line":307,"column":105}},"line":307},"17":{"name":"onChange","decl":{"start":{"line":319,"column":28},"end":{"line":319,"column":103}},"loc":{"start":{"line":319,"column":28},"end":{"line":319,"column":103}},"line":319},"18":{"name":"onClick","decl":{"start":{"line":336,"column":27},"end":{"line":336,"column":58}},"loc":{"start":{"line":336,"column":27},"end":{"line":336,"column":58}},"line":336},"19":{"name":"onChange","decl":{"start":{"line":360,"column":28},"end":{"line":360,"column":94}},"loc":{"start":{"line":360,"column":28},"end":{"line":360,"column":94}},"line":360},"20":{"name":"onChange","decl":{"start":{"line":373,"column":28},"end":{"line":373,"column":101}},"loc":{"start":{"line":373,"column":28},"end":{"line":373,"column":101}},"line":373},"21":{"name":"onClick","decl":{"start":{"line":384,"column":27},"end":{"line":384,"column":54}},"loc":{"start":{"line":384,"column":27},"end":{"line":384,"column":54}},"line":384},"22":{"name":"onChange","decl":{"start":{"line":409,"column":28},"end":{"line":409,"column":65}},"loc":{"start":{"line":409,"column":28},"end":{"line":409,"column":65}},"line":409},"23":{"name":"onClick","decl":{"start":{"line":421,"column":27},"end":{"line":421,"column":58}},"loc":{"start":{"line":421,"column":27},"end":{"line":421,"column":58}},"line":421},"24":{"name":"onClick","decl":{"start":{"line":444,"column":25},"end":{"line":444,"column":73}},"loc":{"start":{"line":444,"column":25},"end":{"line":444,"column":73}},"line":444},"25":{"name":"onClick","decl":{"start":{"line":450,"column":25},"end":{"line":450,"column":49}},"loc":{"start":{"line":450,"column":25},"end":{"line":450,"column":49}},"line":450}},"f":{"0":204,"1":6,"2":0,"3":1,"4":1,"5":1,"6":1,"7":7,"8":1,"9":7,"10":0,"11":0,"12":1,"13":1,"14":1,"15":60,"16":103,"17":6,"18":0,"19":0,"20":0,"21":0,"22":1,"23":0,"24":0,"25":0}}
,"/Users/Yousef_1/Dokumenter/HjemmesideIT/EksamKlarReboot/examklar-tdd/src/components/Flashcard.tsx": {"path":"/Users/Yousef_1/Dokumenter/HjemmesideIT/EksamKlarReboot/examklar-tdd/src/components/Flashcard.tsx","all":false,"statementMap":{"0":{"start":{"line":1,"column":0},"end":{"line":1,"column":39}},"9":{"start":{"line":10,"column":0},"end":{"line":10,"column":54}},"10":{"start":{"line":11,"column":0},"end":{"line":11,"column":8}},"11":{"start":{"line":12,"column":0},"end":{"line":12,"column":9}},"12":{"start":{"line":13,"column":0},"end":{"line":13,"column":21}},"13":{"start":{"line":14,"column":0},"end":{"line":14,"column":7}},"14":{"start":{"line":15,"column":0},"end":{"line":15,"column":55}},"16":{"start":{"line":17,"column":0},"end":{"line":17,"column":28}},"17":{"start":{"line":18,"column":0},"end":{"line":18,"column":26}},"19":{"start":{"line":20,"column":0},"end":{"line":20,"column":39}},"20":{"start":{"line":21,"column":0},"end":{"line":21,"column":34}},"22":{"start":{"line":23,"column":0},"end":{"line":23,"column":17}},"23":{"start":{"line":24,"column":0},"end":{"line":24,"column":37}},"24":{"start":{"line":25,"column":0},"end":{"line":25,"column":5}},"25":{"start":{"line":26,"column":0},"end":{"line":26,"column":3}},"27":{"start":{"line":28,"column":0},"end":{"line":28,"column":57}},"28":{"start":{"line":29,"column":0},"end":{"line":29,"column":53}},"29":{"start":{"line":30,"column":0},"end":{"line":30,"column":28}},"30":{"start":{"line":31,"column":0},"end":{"line":31,"column":18}},"31":{"start":{"line":32,"column":0},"end":{"line":32,"column":5}},"32":{"start":{"line":33,"column":0},"end":{"line":33,"column":3}},"34":{"start":{"line":35,"column":0},"end":{"line":35,"column":54}},"35":{"start":{"line":36,"column":0},"end":{"line":36,"column":25}},"36":{"start":{"line":37,"column":0},"end":{"line":37,"column":18}},"37":{"start":{"line":38,"column":0},"end":{"line":38,"column":44}},"38":{"start":{"line":39,"column":0},"end":{"line":39,"column":20}},"39":{"start":{"line":40,"column":0},"end":{"line":40,"column":46}},"40":{"start":{"line":41,"column":0},"end":{"line":41,"column":18}},"41":{"start":{"line":42,"column":0},"end":{"line":42,"column":40}},"42":{"start":{"line":43,"column":0},"end":{"line":43,"column":14}},"43":{"start":{"line":44,"column":0},"end":{"line":44,"column":42}},"44":{"start":{"line":45,"column":0},"end":{"line":45,"column":5}},"45":{"start":{"line":46,"column":0},"end":{"line":46,"column":3}},"47":{"start":{"line":48,"column":0},"end":{"line":48,"column":52}},"48":{"start":{"line":49,"column":0},"end":{"line":49,"column":67}},"49":{"start":{"line":50,"column":0},"end":{"line":50,"column":3}},"51":{"start":{"line":52,"column":0},"end":{"line":52,"column":19}},"52":{"start":{"line":53,"column":0},"end":{"line":53,"column":12}},"53":{"start":{"line":54,"column":0},"end":{"line":54,"column":123}},"54":{"start":{"line":55,"column":0},"end":{"line":55,"column":37}},"55":{"start":{"line":56,"column":0},"end":{"line":56,"column":107}},"56":{"start":{"line":57,"column":0},"end":{"line":57,"column":54}},"57":{"start":{"line":58,"column":0},"end":{"line":58,"column":14}},"58":{"start":{"line":59,"column":0},"end":{"line":59,"column":12}},"60":{"start":{"line":61,"column":0},"end":{"line":61,"column":3}},"62":{"start":{"line":63,"column":0},"end":{"line":63,"column":10}},"63":{"start":{"line":64,"column":0},"end":{"line":64,"column":45}},"65":{"start":{"line":66,"column":0},"end":{"line":66,"column":13}},"66":{"start":{"line":67,"column":0},"end":{"line":67,"column":28}},"67":{"start":{"line":68,"column":0},"end":{"line":68,"column":33}},"68":{"start":{"line":69,"column":0},"end":{"line":69,"column":30}},"69":{"start":{"line":70,"column":0},"end":{"line":70,"column":20}},"70":{"start":{"line":71,"column":0},"end":{"line":71,"column":185}},"73":{"start":{"line":74,"column":0},"end":{"line":74,"column":37}},"74":{"start":{"line":75,"column":0},"end":{"line":75,"column":26}},"75":{"start":{"line":76,"column":0},"end":{"line":76,"column":17}},"77":{"start":{"line":78,"column":0},"end":{"line":78,"column":73}},"78":{"start":{"line":79,"column":0},"end":{"line":79,"column":27}},"79":{"start":{"line":80,"column":0},"end":{"line":80,"column":20}},"82":{"start":{"line":83,"column":0},"end":{"line":83,"column":63}},"83":{"start":{"line":84,"column":0},"end":{"line":84,"column":51}},"84":{"start":{"line":85,"column":0},"end":{"line":85,"column":51}},"85":{"start":{"line":86,"column":0},"end":{"line":86,"column":20}},"86":{"start":{"line":87,"column":0},"end":{"line":87,"column":18}},"88":{"start":{"line":89,"column":0},"end":{"line":89,"column":17}},"90":{"start":{"line":91,"column":0},"end":{"line":91,"column":70}},"91":{"start":{"line":92,"column":0},"end":{"line":92,"column":28}},"92":{"start":{"line":93,"column":0},"end":{"line":93,"column":20}},"95":{"start":{"line":96,"column":0},"end":{"line":96,"column":53}},"97":{"start":{"line":98,"column":0},"end":{"line":98,"column":20}},"98":{"start":{"line":99,"column":0},"end":{"line":99,"column":18}},"100":{"start":{"line":101,"column":0},"end":{"line":101,"column":14}},"101":{"start":{"line":102,"column":0},"end":{"line":102,"column":15}},"104":{"start":{"line":105,"column":0},"end":{"line":105,"column":62}},"106":{"start":{"line":107,"column":0},"end":{"line":107,"column":110}},"107":{"start":{"line":108,"column":0},"end":{"line":108,"column":45}},"108":{"start":{"line":109,"column":0},"end":{"line":109,"column":15}},"111":{"start":{"line":112,"column":0},"end":{"line":112,"column":46}},"112":{"start":{"line":113,"column":0},"end":{"line":113,"column":42}},"113":{"start":{"line":114,"column":0},"end":{"line":114,"column":17}},"114":{"start":{"line":115,"column":0},"end":{"line":115,"column":25}},"115":{"start":{"line":116,"column":0},"end":{"line":116,"column":80}},"117":{"start":{"line":118,"column":0},"end":{"line":118,"column":19}},"118":{"start":{"line":119,"column":0},"end":{"line":119,"column":19}},"119":{"start":{"line":120,"column":0},"end":{"line":120,"column":13}},"120":{"start":{"line":121,"column":0},"end":{"line":121,"column":14}},"121":{"start":{"line":122,"column":0},"end":{"line":122,"column":12}},"122":{"start":{"line":123,"column":0},"end":{"line":123,"column":10}},"124":{"start":{"line":125,"column":0},"end":{"line":125,"column":1}}},"s":{"0":1,"9":1,"10":58,"11":58,"12":58,"13":58,"14":58,"16":58,"17":6,"19":6,"20":6,"22":6,"23":1,"24":1,"25":6,"27":58,"28":1,"29":1,"30":1,"31":1,"32":1,"34":58,"35":57,"36":57,"37":46,"38":57,"39":7,"40":57,"41":4,"42":57,"43":0,"44":57,"45":57,"47":58,"48":57,"49":57,"51":58,"52":1,"53":1,"54":1,"55":1,"56":1,"57":1,"58":1,"60":1,"62":57,"63":57,"65":57,"66":57,"67":57,"68":57,"69":57,"70":57,"73":57,"74":57,"75":5,"77":5,"78":5,"79":5,"82":5,"83":5,"84":5,"85":5,"86":5,"88":52,"90":52,"91":52,"92":52,"95":52,"97":52,"98":52,"100":58,"101":58,"104":58,"106":58,"107":58,"108":58,"111":58,"112":58,"113":77,"114":77,"115":77,"117":77,"118":77,"119":58,"120":58,"121":58,"122":58,"124":58},"branchMap":{"0":{"type":"branch","line":10,"loc":{"start":{"line":10,"column":51},"end":{"line":125,"column":1}},"locations":[{"start":{"line":10,"column":51},"end":{"line":125,"column":1}}]},"1":{"type":"branch","line":52,"loc":{"start":{"line":52,"column":18},"end":{"line":61,"column":3}},"locations":[{"start":{"line":52,"column":18},"end":{"line":61,"column":3}}]},"2":{"type":"branch","line":61,"loc":{"start":{"line":61,"column":2},"end":{"line":75,"column":26}},"locations":[{"start":{"line":61,"column":2},"end":{"line":75,"column":26}}]},"3":{"type":"branch","line":75,"loc":{"start":{"line":75,"column":11},"end":{"line":87,"column":18}},"locations":[{"start":{"line":75,"column":11},"end":{"line":87,"column":18}}]},"4":{"type":"branch","line":87,"loc":{"start":{"line":87,"column":12},"end":{"line":99,"column":18}},"locations":[{"start":{"line":87,"column":12},"end":{"line":99,"column":18}}]},"5":{"type":"branch","line":17,"loc":{"start":{"line":17,"column":21},"end":{"line":26,"column":3}},"locations":[{"start":{"line":17,"column":21},"end":{"line":26,"column":3}}]},"6":{"type":"branch","line":18,"loc":{"start":{"line":18,"column":20},"end":{"line":18,"column":26}},"locations":[{"start":{"line":18,"column":20},"end":{"line":18,"column":26}}]},"7":{"type":"branch","line":23,"loc":{"start":{"line":23,"column":16},"end":{"line":25,"column":5}},"locations":[{"start":{"line":23,"column":16},"end":{"line":25,"column":5}}]},"8":{"type":"branch","line":28,"loc":{"start":{"line":28,"column":24},"end":{"line":33,"column":3}},"locations":[{"start":{"line":28,"column":24},"end":{"line":33,"column":3}}]},"9":{"type":"branch","line":29,"loc":{"start":{"line":29,"column":22},"end":{"line":29,"column":52}},"locations":[{"start":{"line":29,"column":22},"end":{"line":29,"column":52}}]},"10":{"type":"branch","line":35,"loc":{"start":{"line":35,"column":29},"end":{"line":46,"column":3}},"locations":[{"start":{"line":35,"column":29},"end":{"line":46,"column":3}}]},"11":{"type":"branch","line":37,"loc":{"start":{"line":37,"column":6},"end":{"line":38,"column":44}},"locations":[{"start":{"line":37,"column":6},"end":{"line":38,"column":44}}]},"12":{"type":"branch","line":39,"loc":{"start":{"line":39,"column":6},"end":{"line":40,"column":46}},"locations":[{"start":{"line":39,"column":6},"end":{"line":40,"column":46}}]},"13":{"type":"branch","line":41,"loc":{"start":{"line":41,"column":6},"end":{"line":42,"column":40}},"locations":[{"start":{"line":41,"column":6},"end":{"line":42,"column":40}}]},"14":{"type":"branch","line":43,"loc":{"start":{"line":43,"column":6},"end":{"line":44,"column":42}},"locations":[{"start":{"line":43,"column":6},"end":{"line":44,"column":42}}]},"15":{"type":"branch","line":48,"loc":{"start":{"line":48,"column":27},"end":{"line":50,"column":3}},"locations":[{"start":{"line":48,"column":27},"end":{"line":50,"column":3}}]},"16":{"type":"branch","line":113,"loc":{"start":{"line":113,"column":25},"end":{"line":119,"column":19}},"locations":[{"start":{"line":113,"column":25},"end":{"line":119,"column":19}}]}},"b":{"0":[58],"1":[1],"2":[57],"3":[5],"4":[52],"5":[6],"6":[0],"7":[1],"8":[1],"9":[0],"10":[57],"11":[46],"12":[7],"13":[4],"14":[0],"15":[57],"16":[77]},"fnMap":{"0":{"name":"Flashcard","decl":{"start":{"line":10,"column":51},"end":{"line":125,"column":1}},"loc":{"start":{"line":10,"column":51},"end":{"line":125,"column":1}},"line":10},"1":{"name":"handleFlip","decl":{"start":{"line":17,"column":21},"end":{"line":26,"column":3}},"loc":{"start":{"line":17,"column":21},"end":{"line":26,"column":3}},"line":17},"2":{"name":"handleKeyDown","decl":{"start":{"line":28,"column":24},"end":{"line":33,"column":3}},"loc":{"start":{"line":28,"column":24},"end":{"line":33,"column":3}},"line":28},"3":{"name":"getDifficultyColor","decl":{"start":{"line":35,"column":29},"end":{"line":46,"column":3}},"loc":{"start":{"line":35,"column":29},"end":{"line":46,"column":3}},"line":35},"4":{"name":"formatDifficulty","decl":{"start":{"line":48,"column":27},"end":{"line":50,"column":3}},"loc":{"start":{"line":48,"column":27},"end":{"line":50,"column":3}},"line":48}},"f":{"0":58,"1":6,"2":1,"3":57,"4":57}}
,"/Users/Yousef_1/Dokumenter/HjemmesideIT/EksamKlarReboot/examklar-tdd/src/components/FlashcardDeck.tsx": {"path":"/Users/Yousef_1/Dokumenter/HjemmesideIT/EksamKlarReboot/examklar-tdd/src/components/FlashcardDeck.tsx","all":false,"statementMap":{"0":{"start":{"line":1,"column":0},"end":{"line":1,"column":71}},"2":{"start":{"line":3,"column":0},"end":{"line":3,"column":39}},"3":{"start":{"line":4,"column":0},"end":{"line":4,"column":36}},"13":{"start":{"line":14,"column":0},"end":{"line":14,"column":61}},"14":{"start":{"line":15,"column":0},"end":{"line":15,"column":8}},"15":{"start":{"line":16,"column":0},"end":{"line":16,"column":17}},"16":{"start":{"line":17,"column":0},"end":{"line":17,"column":17}},"17":{"start":{"line":18,"column":0},"end":{"line":18,"column":22}},"18":{"start":{"line":19,"column":0},"end":{"line":19,"column":25}},"19":{"start":{"line":20,"column":0},"end":{"line":20,"column":7}},"20":{"start":{"line":21,"column":0},"end":{"line":21,"column":61}},"21":{"start":{"line":22,"column":0},"end":{"line":22,"column":68}},"22":{"start":{"line":23,"column":0},"end":{"line":23,"column":64}},"23":{"start":{"line":24,"column":0},"end":{"line":24,"column":76}},"24":{"start":{"line":25,"column":0},"end":{"line":25,"column":49}},"25":{"start":{"line":26,"column":0},"end":{"line":26,"column":65}},"27":{"start":{"line":28,"column":0},"end":{"line":28,"column":40}},"28":{"start":{"line":29,"column":0},"end":{"line":29,"column":54}},"29":{"start":{"line":30,"column":0},"end":{"line":30,"column":43}},"30":{"start":{"line":31,"column":0},"end":{"line":31,"column":5}},"31":{"start":{"line":32,"column":0},"end":{"line":32,"column":46}},"33":{"start":{"line":34,"column":0},"end":{"line":34,"column":44}},"34":{"start":{"line":35,"column":0},"end":{"line":35,"column":31}},"35":{"start":{"line":36,"column":0},"end":{"line":36,"column":43}},"36":{"start":{"line":37,"column":0},"end":{"line":37,"column":5}},"37":{"start":{"line":38,"column":0},"end":{"line":38,"column":24}},"40":{"start":{"line":41,"column":0},"end":{"line":41,"column":19}},"41":{"start":{"line":42,"column":0},"end":{"line":42,"column":32}},"42":{"start":{"line":43,"column":0},"end":{"line":43,"column":26}},"43":{"start":{"line":44,"column":0},"end":{"line":44,"column":25}},"44":{"start":{"line":45,"column":0},"end":{"line":45,"column":23}},"45":{"start":{"line":46,"column":0},"end":{"line":46,"column":13}},"48":{"start":{"line":49,"column":0},"end":{"line":49,"column":19}},"49":{"start":{"line":50,"column":0},"end":{"line":50,"column":97}},"50":{"start":{"line":51,"column":0},"end":{"line":51,"column":54}},"51":{"start":{"line":52,"column":0},"end":{"line":52,"column":81}},"52":{"start":{"line":53,"column":0},"end":{"line":53,"column":26}},"53":{"start":{"line":54,"column":0},"end":{"line":54,"column":5}},"55":{"start":{"line":56,"column":0},"end":{"line":56,"column":18}},"56":{"start":{"line":57,"column":0},"end":{"line":57,"column":40}},"57":{"start":{"line":58,"column":0},"end":{"line":58,"column":49}},"58":{"start":{"line":59,"column":0},"end":{"line":59,"column":7}},"59":{"start":{"line":60,"column":0},"end":{"line":60,"column":5}},"60":{"start":{"line":61,"column":0},"end":{"line":61,"column":77}},"63":{"start":{"line":64,"column":0},"end":{"line":64,"column":19}},"64":{"start":{"line":65,"column":0},"end":{"line":65,"column":53}},"65":{"start":{"line":66,"column":0},"end":{"line":66,"column":39}},"66":{"start":{"line":67,"column":0},"end":{"line":67,"column":30}},"67":{"start":{"line":68,"column":0},"end":{"line":68,"column":20}},"68":{"start":{"line":69,"column":0},"end":{"line":69,"column":45}},"69":{"start":{"line":70,"column":0},"end":{"line":70,"column":30}},"70":{"start":{"line":71,"column":0},"end":{"line":71,"column":24}},"71":{"start":{"line":72,"column":0},"end":{"line":72,"column":7}},"72":{"start":{"line":73,"column":0},"end":{"line":73,"column":5}},"74":{"start":{"line":75,"column":0},"end":{"line":75,"column":55}},"75":{"start":{"line":76,"column":0},"end":{"line":76,"column":71}},"76":{"start":{"line":77,"column":0},"end":{"line":77,"column":34}},"79":{"start":{"line":80,"column":0},"end":{"line":80,"column":19}},"80":{"start":{"line":81,"column":0},"end":{"line":81,"column":103}},"81":{"start":{"line":82,"column":0},"end":{"line":82,"column":94}},"82":{"start":{"line":83,"column":0},"end":{"line":83,"column":22}},"83":{"start":{"line":84,"column":0},"end":{"line":84,"column":41}},"84":{"start":{"line":85,"column":0},"end":{"line":85,"column":42}},"85":{"start":{"line":86,"column":0},"end":{"line":86,"column":68}},"86":{"start":{"line":87,"column":0},"end":{"line":87,"column":17}},"87":{"start":{"line":88,"column":0},"end":{"line":88,"column":8}},"88":{"start":{"line":89,"column":0},"end":{"line":89,"column":5}},"89":{"start":{"line":90,"column":0},"end":{"line":90,"column":106}},"91":{"start":{"line":92,"column":0},"end":{"line":92,"column":35}},"92":{"start":{"line":93,"column":0},"end":{"line":93,"column":12}},"93":{"start":{"line":94,"column":0},"end":{"line":94,"column":41}},"94":{"start":{"line":95,"column":0},"end":{"line":95,"column":76}},"95":{"start":{"line":96,"column":0},"end":{"line":96,"column":95}},"96":{"start":{"line":97,"column":0},"end":{"line":97,"column":12}},"98":{"start":{"line":99,"column":0},"end":{"line":99,"column":3}},"100":{"start":{"line":101,"column":0},"end":{"line":101,"column":53}},"102":{"start":{"line":103,"column":0},"end":{"line":103,"column":67}},"103":{"start":{"line":104,"column":0},"end":{"line":104,"column":33}},"105":{"start":{"line":106,"column":0},"end":{"line":106,"column":43}},"106":{"start":{"line":107,"column":0},"end":{"line":107,"column":50}},"107":{"start":{"line":108,"column":0},"end":{"line":108,"column":5}},"109":{"start":{"line":110,"column":0},"end":{"line":110,"column":65}},"110":{"start":{"line":111,"column":0},"end":{"line":111,"column":48}},"111":{"start":{"line":112,"column":0},"end":{"line":112,"column":5}},"113":{"start":{"line":114,"column":0},"end":{"line":114,"column":25}},"114":{"start":{"line":115,"column":0},"end":{"line":115,"column":36}},"115":{"start":{"line":116,"column":0},"end":{"line":116,"column":5}},"116":{"start":{"line":117,"column":0},"end":{"line":117,"column":3}},"118":{"start":{"line":119,"column":0},"end":{"line":119,"column":31}},"119":{"start":{"line":120,"column":0},"end":{"line":120,"column":71}},"120":{"start":{"line":121,"column":0},"end":{"line":121,"column":30}},"121":{"start":{"line":122,"column":0},"end":{"line":122,"column":26}},"122":{"start":{"line":123,"column":0},"end":{"line":123,"column":3}},"125":{"start":{"line":126,"column":0},"end":{"line":126,"column":63}},"126":{"start":{"line":127,"column":0},"end":{"line":127,"column":58}},"127":{"start":{"line":128,"column":0},"end":{"line":128,"column":14}},"128":{"start":{"line":129,"column":0},"end":{"line":129,"column":34}},"130":{"start":{"line":131,"column":0},"end":{"line":131,"column":10}},"131":{"start":{"line":132,"column":0},"end":{"line":132,"column":43}},"133":{"start":{"line":134,"column":0},"end":{"line":134,"column":28}},"135":{"start":{"line":136,"column":0},"end":{"line":136,"column":30}},"136":{"start":{"line":137,"column":0},"end":{"line":137,"column":75}},"137":{"start":{"line":138,"column":0},"end":{"line":138,"column":73}},"138":{"start":{"line":139,"column":0},"end":{"line":139,"column":103}},"139":{"start":{"line":140,"column":0},"end":{"line":140,"column":16}},"140":{"start":{"line":141,"column":0},"end":{"line":141,"column":15}},"141":{"start":{"line":142,"column":0},"end":{"line":142,"column":59}},"142":{"start":{"line":143,"column":0},"end":{"line":143,"column":30}},"143":{"start":{"line":144,"column":0},"end":{"line":144,"column":48}},"144":{"start":{"line":145,"column":0},"end":{"line":145,"column":48}},"146":{"start":{"line":147,"column":0},"end":{"line":147,"column":17}},"147":{"start":{"line":148,"column":0},"end":{"line":148,"column":82}},"148":{"start":{"line":149,"column":0},"end":{"line":149,"column":92}},"149":{"start":{"line":150,"column":0},"end":{"line":150,"column":14}},"150":{"start":{"line":151,"column":0},"end":{"line":151,"column":16}},"151":{"start":{"line":152,"column":0},"end":{"line":152,"column":14}},"154":{"start":{"line":155,"column":0},"end":{"line":155,"column":86}},"155":{"start":{"line":156,"column":0},"end":{"line":156,"column":56}},"156":{"start":{"line":157,"column":0},"end":{"line":157,"column":60}},"157":{"start":{"line":158,"column":0},"end":{"line":158,"column":56}},"158":{"start":{"line":159,"column":0},"end":{"line":159,"column":14}},"159":{"start":{"line":160,"column":0},"end":{"line":160,"column":12}},"162":{"start":{"line":163,"column":0},"end":{"line":163,"column":28}},"163":{"start":{"line":164,"column":0},"end":{"line":164,"column":40}},"164":{"start":{"line":165,"column":0},"end":{"line":165,"column":12}},"167":{"start":{"line":168,"column":0},"end":{"line":168,"column":57}},"169":{"start":{"line":170,"column":0},"end":{"line":170,"column":49}},"170":{"start":{"line":171,"column":0},"end":{"line":171,"column":17}},"171":{"start":{"line":172,"column":0},"end":{"line":172,"column":36}},"172":{"start":{"line":173,"column":0},"end":{"line":173,"column":45}},"173":{"start":{"line":174,"column":0},"end":{"line":174,"column":38}},"174":{"start":{"line":175,"column":0},"end":{"line":175,"column":29}},"175":{"start":{"line":176,"column":0},"end":{"line":176,"column":11}},"177":{"start":{"line":178,"column":0},"end":{"line":178,"column":19}},"179":{"start":{"line":180,"column":0},"end":{"line":180,"column":17}},"180":{"start":{"line":181,"column":0},"end":{"line":181,"column":32}},"181":{"start":{"line":182,"column":0},"end":{"line":182,"column":68}},"182":{"start":{"line":183,"column":0},"end":{"line":183,"column":34}},"183":{"start":{"line":184,"column":0},"end":{"line":184,"column":29}},"184":{"start":{"line":185,"column":0},"end":{"line":185,"column":11}},"186":{"start":{"line":187,"column":0},"end":{"line":187,"column":19}},"187":{"start":{"line":188,"column":0},"end":{"line":188,"column":14}},"190":{"start":{"line":191,"column":0},"end":{"line":191,"column":49}},"191":{"start":{"line":192,"column":0},"end":{"line":192,"column":17}},"192":{"start":{"line":193,"column":0},"end":{"line":193,"column":59}},"193":{"start":{"line":194,"column":0},"end":{"line":194,"column":42}},"194":{"start":{"line":195,"column":0},"end":{"line":195,"column":29}},"195":{"start":{"line":196,"column":0},"end":{"line":196,"column":67}},"196":{"start":{"line":197,"column":0},"end":{"line":197,"column":11}},"198":{"start":{"line":199,"column":0},"end":{"line":199,"column":19}},"200":{"start":{"line":201,"column":0},"end":{"line":201,"column":17}},"201":{"start":{"line":202,"column":0},"end":{"line":202,"column":57}},"202":{"start":{"line":203,"column":0},"end":{"line":203,"column":40}},"203":{"start":{"line":204,"column":0},"end":{"line":204,"column":66}},"204":{"start":{"line":205,"column":0},"end":{"line":205,"column":11}},"206":{"start":{"line":207,"column":0},"end":{"line":207,"column":19}},"207":{"start":{"line":208,"column":0},"end":{"line":208,"column":14}},"210":{"start":{"line":211,"column":0},"end":{"line":211,"column":15}},"211":{"start":{"line":212,"column":0},"end":{"line":212,"column":33}},"212":{"start":{"line":213,"column":0},"end":{"line":213,"column":36}},"213":{"start":{"line":214,"column":0},"end":{"line":214,"column":27}},"214":{"start":{"line":215,"column":0},"end":{"line":215,"column":9}},"216":{"start":{"line":217,"column":0},"end":{"line":217,"column":17}},"217":{"start":{"line":218,"column":0},"end":{"line":218,"column":12}},"218":{"start":{"line":219,"column":0},"end":{"line":219,"column":10}},"220":{"start":{"line":221,"column":0},"end":{"line":221,"column":1}}},"s":{"0":1,"2":1,"3":1,"13":1,"14":43,"15":43,"16":43,"17":43,"18":43,"19":43,"20":43,"21":43,"22":43,"23":43,"24":43,"25":43,"27":43,"28":7,"29":7,"30":7,"31":43,"33":43,"34":2,"35":2,"36":2,"37":43,"40":43,"41":14,"42":14,"43":14,"44":14,"45":43,"48":43,"49":24,"50":2,"51":1,"52":2,"53":2,"55":24,"56":24,"57":2,"58":2,"59":24,"60":43,"63":43,"64":24,"65":2,"66":1,"67":1,"68":1,"69":1,"70":1,"71":1,"72":2,"74":24,"75":24,"76":43,"79":43,"80":18,"81":1,"82":1,"83":1,"84":1,"85":1,"86":1,"87":1,"88":1,"89":43,"91":43,"92":2,"93":2,"94":2,"95":2,"96":2,"98":2,"100":41,"102":41,"103":4,"105":4,"106":4,"107":4,"109":4,"110":4,"111":4,"113":4,"114":1,"115":1,"116":4,"118":41,"119":1,"120":1,"121":1,"122":1,"125":41,"126":123,"127":123,"128":41,"130":41,"131":41,"133":41,"135":41,"136":41,"137":41,"138":41,"139":41,"140":41,"141":41,"142":41,"143":41,"144":41,"146":41,"147":41,"148":41,"149":41,"150":41,"151":41,"154":41,"155":43,"156":43,"157":43,"158":43,"159":43,"162":43,"163":43,"164":43,"167":43,"169":43,"170":43,"171":43,"172":43,"173":43,"174":43,"175":43,"177":43,"179":43,"180":43,"181":43,"182":43,"183":43,"184":43,"186":43,"187":43,"190":43,"191":43,"192":43,"193":43,"194":43,"195":43,"196":43,"198":43,"200":43,"201":43,"202":43,"203":43,"204":43,"206":43,"207":43,"210":43,"211":43,"212":43,"213":43,"214":43,"216":43,"217":43,"218":43,"220":43},"branchMap":{"0":{"type":"branch","line":14,"loc":{"start":{"line":14,"column":59},"end":{"line":221,"column":1}},"locations":[{"start":{"line":14,"column":59},"end":{"line":221,"column":1}}]},"1":{"type":"branch","line":92,"loc":{"start":{"line":92,"column":34},"end":{"line":99,"column":3}},"locations":[{"start":{"line":92,"column":34},"end":{"line":99,"column":3}}]},"2":{"type":"branch","line":99,"loc":{"start":{"line":99,"column":2},"end":{"line":156,"column":47}},"locations":[{"start":{"line":99,"column":2},"end":{"line":156,"column":47}}]},"3":{"type":"branch","line":156,"loc":{"start":{"line":156,"column":39},"end":{"line":156,"column":49}},"locations":[{"start":{"line":156,"column":39},"end":{"line":156,"column":49}}]},"4":{"type":"branch","line":157,"loc":{"start":{"line":157,"column":41},"end":{"line":157,"column":53}},"locations":[{"start":{"line":157,"column":41},"end":{"line":157,"column":53}}]},"5":{"type":"branch","line":158,"loc":{"start":{"line":158,"column":39},"end":{"line":158,"column":49}},"locations":[{"start":{"line":158,"column":39},"end":{"line":158,"column":49}}]},"6":{"type":"branch","line":28,"loc":{"start":{"line":28,"column":33},"end":{"line":32,"column":5}},"locations":[{"start":{"line":28,"column":33},"end":{"line":32,"column":5}}]},"7":{"type":"branch","line":30,"loc":{"start":{"line":30,"column":26},"end":{"line":30,"column":42}},"locations":[{"start":{"line":30,"column":26},"end":{"line":30,"column":42}}]},"8":{"type":"branch","line":34,"loc":{"start":{"line":34,"column":37},"end":{"line":38,"column":5}},"locations":[{"start":{"line":34,"column":37},"end":{"line":38,"column":5}}]},"9":{"type":"branch","line":36,"loc":{"start":{"line":36,"column":26},"end":{"line":36,"column":42}},"locations":[{"start":{"line":36,"column":26},"end":{"line":36,"column":42}}]},"10":{"type":"branch","line":41,"loc":{"start":{"line":41,"column":12},"end":{"line":46,"column":5}},"locations":[{"start":{"line":41,"column":12},"end":{"line":46,"column":5}}]},"11":{"type":"branch","line":49,"loc":{"start":{"line":49,"column":12},"end":{"line":61,"column":5}},"locations":[{"start":{"line":49,"column":12},"end":{"line":61,"column":5}}]},"12":{"type":"branch","line":50,"loc":{"start":{"line":50,"column":8},"end":{"line":50,"column":51}},"locations":[{"start":{"line":50,"column":8},"end":{"line":50,"column":51}}]},"13":{"type":"branch","line":50,"loc":{"start":{"line":50,"column":46},"end":{"line":50,"column":96}},"locations":[{"start":{"line":50,"column":46},"end":{"line":50,"column":96}}]},"14":{"type":"branch","line":50,"loc":{"start":{"line":50,"column":96},"end":{"line":54,"column":5}},"locations":[{"start":{"line":50,"column":96},"end":{"line":54,"column":5}}]},"15":{"type":"branch","line":51,"loc":{"start":{"line":51,"column":47},"end":{"line":53,"column":9}},"locations":[{"start":{"line":51,"column":47},"end":{"line":53,"column":9}}]},"16":{"type":"branch","line":52,"loc":{"start":{"line":52,"column":28},"end":{"line":52,"column":80}},"locations":[{"start":{"line":52,"column":28},"end":{"line":52,"column":80}}]},"17":{"type":"branch","line":56,"loc":{"start":{"line":56,"column":11},"end":{"line":60,"column":5}},"locations":[{"start":{"line":56,"column":11},"end":{"line":60,"column":5}}]},"18":{"type":"branch","line":57,"loc":{"start":{"line":57,"column":39},"end":{"line":59,"column":7}},"locations":[{"start":{"line":57,"column":39},"end":{"line":59,"column":7}}]},"19":{"type":"branch","line":64,"loc":{"start":{"line":64,"column":12},"end":{"line":77,"column":5}},"locations":[{"start":{"line":64,"column":12},"end":{"line":77,"column":5}}]},"20":{"type":"branch","line":65,"loc":{"start":{"line":65,"column":26},"end":{"line":73,"column":5}},"locations":[{"start":{"line":65,"column":26},"end":{"line":73,"column":5}}]},"21":{"type":"branch","line":66,"loc":{"start":{"line":66,"column":38},"end":{"line":72,"column":7}},"locations":[{"start":{"line":66,"column":38},"end":{"line":72,"column":7}}]},"22":{"type":"branch","line":76,"loc":{"start":{"line":76,"column":11},"end":{"line":76,"column":71}},"locations":[{"start":{"line":76,"column":11},"end":{"line":76,"column":71}}]},"23":{"type":"branch","line":80,"loc":{"start":{"line":80,"column":12},"end":{"line":90,"column":5}},"locations":[{"start":{"line":80,"column":12},"end":{"line":90,"column":5}}]},"24":{"type":"branch","line":81,"loc":{"start":{"line":81,"column":48},"end":{"line":81,"column":86}},"locations":[{"start":{"line":81,"column":48},"end":{"line":81,"column":86}}]},"25":{"type":"branch","line":81,"loc":{"start":{"line":81,"column":81},"end":{"line":81,"column":102}},"locations":[{"start":{"line":81,"column":81},"end":{"line":81,"column":102}}]},"26":{"type":"branch","line":81,"loc":{"start":{"line":81,"column":102},"end":{"line":89,"column":5}},"locations":[{"start":{"line":81,"column":102},"end":{"line":89,"column":5}}]},"27":{"type":"branch","line":103,"loc":{"start":{"line":103,"column":29},"end":{"line":117,"column":3}},"locations":[{"start":{"line":103,"column":29},"end":{"line":117,"column":3}}]},"28":{"type":"branch","line":114,"loc":{"start":{"line":114,"column":24},"end":{"line":116,"column":5}},"locations":[{"start":{"line":114,"column":24},"end":{"line":116,"column":5}}]},"29":{"type":"branch","line":107,"loc":{"start":{"line":107,"column":24},"end":{"line":107,"column":49}},"locations":[{"start":{"line":107,"column":24},"end":{"line":107,"column":49}}]},"30":{"type":"branch","line":111,"loc":{"start":{"line":111,"column":22},"end":{"line":111,"column":47}},"locations":[{"start":{"line":111,"column":22},"end":{"line":111,"column":47}}]},"31":{"type":"branch","line":119,"loc":{"start":{"line":119,"column":24},"end":{"line":123,"column":3}},"locations":[{"start":{"line":119,"column":24},"end":{"line":123,"column":3}}]},"32":{"type":"branch","line":120,"loc":{"start":{"line":120,"column":45},"end":{"line":120,"column":70}},"locations":[{"start":{"line":120,"column":45},"end":{"line":120,"column":70}}]},"33":{"type":"branch","line":126,"loc":{"start":{"line":126,"column":47},"end":{"line":129,"column":5}},"locations":[{"start":{"line":126,"column":47},"end":{"line":129,"column":5}}]},"34":{"type":"branch","line":202,"loc":{"start":{"line":202,"column":21},"end":{"line":202,"column":57}},"locations":[{"start":{"line":202,"column":21},"end":{"line":202,"column":57}}]}},"b":{"0":[43],"1":[2],"2":[41],"3":[0],"4":[0],"5":[0],"6":[7],"7":[7],"8":[2],"9":[2],"10":[14],"11":[24],"12":[2],"13":[2],"14":[2],"15":[1],"16":[1],"17":[24],"18":[2],"19":[24],"20":[2],"21":[1],"22":[24],"23":[18],"24":[2],"25":[1],"26":[1],"27":[4],"28":[1],"29":[4],"30":[4],"31":[1],"32":[2],"33":[123],"34":[4]},"fnMap":{"0":{"name":"FlashcardDeck","decl":{"start":{"line":14,"column":59}
[...]
column":59},"end":{"line":207,"column":85}}]},"41":{"type":"branch","line":218,"loc":{"start":{"line":218,"column":21},"end":{"line":235,"column":10}},"locations":[{"start":{"line":218,"column":21},"end":{"line":235,"column":10}}]},"42":{"type":"branch","line":230,"loc":{"start":{"line":230,"column":33},"end":{"line":232,"column":11}},"locations":[{"start":{"line":230,"column":33},"end":{"line":232,"column":11}}]},"43":{"type":"branch","line":224,"loc":{"start":{"line":224,"column":49},"end":{"line":226,"column":66}},"locations":[{"start":{"line":224,"column":49},"end":{"line":226,"column":66}}]},"44":{"type":"branch","line":225,"loc":{"start":{"line":225,"column":58},"end":{"line":226,"column":66}},"locations":[{"start":{"line":225,"column":58},"end":{"line":226,"column":66}}]},"45":{"type":"branch","line":237,"loc":{"start":{"line":237,"column":19},"end":{"line":262,"column":10}},"locations":[{"start":{"line":237,"column":19},"end":{"line":262,"column":10}}]},"46":{"type":"branch","line":241,"loc":{"start":{"line":241,"column":27},"end":{"line":259,"column":11}},"locations":[{"start":{"line":241,"column":27},"end":{"line":259,"column":11}}]},"47":{"type":"branch","line":245,"loc":{"start":{"line":245,"column":14},"end":{"line":247,"column":21}},"locations":[{"start":{"line":245,"column":14},"end":{"line":247,"column":21}}]},"48":{"type":"branch","line":248,"loc":{"start":{"line":248,"column":14},"end":{"line":250,"column":21}},"locations":[{"start":{"line":248,"column":14},"end":{"line":250,"column":21}}]},"49":{"type":"branch","line":251,"loc":{"start":{"line":251,"column":14},"end":{"line":253,"column":21}},"locations":[{"start":{"line":251,"column":14},"end":{"line":253,"column":21}}]},"50":{"type":"branch","line":254,"loc":{"start":{"line":254,"column":14},"end":{"line":255,"column":57}},"locations":[{"start":{"line":254,"column":14},"end":{"line":255,"column":57}}]},"51":{"type":"branch","line":258,"loc":{"start":{"line":258,"column":41},"end":{"line":258,"column":64}},"locations":[{"start":{"line":258,"column":41},"end":{"line":258,"column":64}}]},"52":{"type":"branch","line":258,"loc":{"start":{"line":258,"column":51},"end":{"line":258,"column":74}},"locations":[{"start":{"line":258,"column":51},"end":{"line":258,"column":74}}]},"53":{"type":"branch","line":264,"loc":{"start":{"line":264,"column":21},"end":{"line":289,"column":10}},"locations":[{"start":{"line":264,"column":21},"end":{"line":289,"column":10}}]},"54":{"type":"branch","line":267,"loc":{"start":{"line":267,"column":21},"end":{"line":267,"column":30}},"locations":[{"start":{"line":267,"column":21},"end":{"line":267,"column":30}}]},"55":{"type":"branch","line":271,"loc":{"start":{"line":271,"column":34},"end":{"line":273,"column":11}},"locations":[{"start":{"line":271,"column":34},"end":{"line":273,"column":11}}]},"56":{"type":"branch","line":275,"loc":{"start":{"line":275,"column":22},"end":{"line":275,"column":55}},"locations":[{"start":{"line":275,"column":22},"end":{"line":275,"column":55}}]},"57":{"type":"branch","line":275,"loc":{"start":{"line":275,"column":55},"end":{"line":279,"column":11}},"locations":[{"start":{"line":275,"column":55},"end":{"line":279,"column":11}}]},"58":{"type":"branch","line":281,"loc":{"start":{"line":281,"column":36},"end":{"line":286,"column":11}},"locations":[{"start":{"line":281,"column":36},"end":{"line":286,"column":11}}]},"59":{"type":"branch","line":266,"loc":{"start":{"line":266,"column":40},"end":{"line":266,"column":60}},"locations":[{"start":{"line":266,"column":40},"end":{"line":266,"column":60}}]},"60":{"type":"branch","line":272,"loc":{"start":{"line":272,"column":49},"end":{"line":272,"column":95}},"locations":[{"start":{"line":272,"column":49},"end":{"line":272,"column":95}}]},"61":{"type":"branch","line":276,"loc":{"start":{"line":276,"column":49},"end":{"line":277,"column":64}},"locations":[{"start":{"line":276,"column":49},"end":{"line":277,"column":64}}]},"62":{"type":"branch","line":277,"loc":{"start":{"line":277,"column":33},"end":{"line":277,"column":63}},"locations":[{"start":{"line":277,"column":33},"end":{"line":277,"column":63}}]},"63":{"type":"branch","line":283,"loc":{"start":{"line":283,"column":49},"end":{"line":284,"column":55}},"locations":[{"start":{"line":283,"column":49},"end":{"line":284,"column":55}}]},"64":{"type":"branch","line":291,"loc":{"start":{"line":291,"column":30},"end":{"line":305,"column":10}},"locations":[{"start":{"line":291,"column":30},"end":{"line":305,"column":10}}]},"65":{"type":"branch","line":296,"loc":{"start":{"line":296,"column":30},"end":{"line":302,"column":11}},"locations":[{"start":{"line":296,"column":30},"end":{"line":302,"column":11}}]},"66":{"type":"branch","line":297,"loc":{"start":{"line":297,"column":31},"end":{"line":301,"column":13}},"locations":[{"start":{"line":297,"column":31},"end":{"line":301,"column":13}}]},"67":{"type":"branch","line":298,"loc":{"start":{"line":298,"column":61},"end":{"line":300,"column":15}},"locations":[{"start":{"line":298,"column":61},"end":{"line":300,"column":15}}]},"68":{"type":"branch","line":308,"loc":{"start":{"line":308,"column":18},"end":{"line":334,"column":10}},"locations":[{"start":{"line":308,"column":18},"end":{"line":334,"column":10}}]},"69":{"type":"branch","line":311,"loc":{"start":{"line":311,"column":48},"end":{"line":311,"column":88}},"locations":[{"start":{"line":311,"column":48},"end":{"line":311,"column":88}}]},"70":{"type":"branch","line":315,"loc":{"start":{"line":315,"column":12},"end":{"line":320,"column":14}},"locations":[{"start":{"line":315,"column":12},"end":{"line":320,"column":14}}]},"71":{"type":"branch","line":316,"loc":{"start":{"line":316,"column":33},"end":{"line":318,"column":15}},"locations":[{"start":{"line":316,"column":33},"end":{"line":318,"column":15}}]},"72":{"type":"branch","line":336,"loc":{"start":{"line":336,"column":35},"end":{"line":366,"column":10}},"locations":[{"start":{"line":336,"column":35},"end":{"line":366,"column":10}}]},"73":{"type":"branch","line":340,"loc":{"start":{"line":340,"column":21},"end":{"line":347,"column":11}},"locations":[{"start":{"line":340,"column":21},"end":{"line":347,"column":11}}]},"74":{"type":"branch","line":351,"loc":{"start":{"line":351,"column":85},"end":{"line":351,"column":92}},"locations":[{"start":{"line":351,"column":85},"end":{"line":351,"column":92}}]},"75":{"type":"branch","line":338,"loc":{"start":{"line":338,"column":40},"end":{"line":338,"column":60}},"locations":[{"start":{"line":338,"column":40},"end":{"line":338,"column":60}}]},"76":{"type":"branch","line":349,"loc":{"start":{"line":349,"column":49},"end":{"line":349,"column":89}},"locations":[{"start":{"line":349,"column":49},"end":{"line":349,"column":89}}]},"77":{"type":"branch","line":350,"loc":{"start":{"line":350,"column":49},"end":{"line":350,"column":90}},"locations":[{"start":{"line":350,"column":49},"end":{"line":350,"column":90}}]},"78":{"type":"branch","line":359,"loc":{"start":{"line":359,"column":43},"end":{"line":364,"column":15}},"locations":[{"start":{"line":359,"column":43},"end":{"line":364,"column":15}}]},"79":{"type":"branch","line":360,"loc":{"start":{"line":360,"column":19},"end":{"line":360,"column":80}},"locations":[{"start":{"line":360,"column":19},"end":{"line":360,"column":80}}]},"80":{"type":"branch","line":360,"loc":{"start":{"line":360,"column":80},"end":{"line":363,"column":27}},"locations":[{"start":{"line":360,"column":80},"end":{"line":363,"column":27}}]},"81":{"type":"branch","line":369,"loc":{"start":{"line":369,"column":20},"end":{"line":375,"column":10}},"locations":[{"start":{"line":369,"column":20},"end":{"line":375,"column":10}}]},"82":{"type":"branch","line":372,"loc":{"start":{"line":372,"column":21},"end":{"line":372,"column":30}},"locations":[{"start":{"line":372,"column":21},"end":{"line":372,"column":30}}]},"83":{"type":"branch","line":371,"loc":{"start":{"line":371,"column":40},"end":{"line":371,"column":60}},"locations":[{"start":{"line":371,"column":40},"end":{"line":371,"column":60}}]},"84":{"type":"branch","line":377,"loc":{"start":{"line":377,"column":20},"end":{"line":408,"column":10}},"locations":[{"start":{"line":377,"column":20},"end":{"line":408,"column":10}}]},"85":{"type":"branch","line":380,"loc":{"start":{"line":380,"column":51},"end":{"line":382,"column":13}},"locations":[{"start":{"line":380,"column":51},"end":{"line":382,"column":13}}]},"86":{"type":"branch","line":405,"loc":{"start":{"line":405,"column":10},"end":{"line":407,"column":11}},"locations":[{"start":{"line":405,"column":10},"end":{"line":407,"column":11}}]},"87":{"type":"branch","line":388,"loc":{"start":{"line":388,"column":40},"end":{"line":397,"column":15}},"locations":[{"start":{"line":388,"column":40},"end":{"line":397,"column":15}}]},"88":{"type":"branch","line":394,"loc":{"start":{"line":394,"column":41},"end":{"line":394,"column":100}},"locations":[{"start":{"line":394,"column":41},"end":{"line":394,"column":100}}]},"89":{"type":"branch","line":394,"loc":{"start":{"line":394,"column":96},"end":{"line":394,"column":111}},"locations":[{"start":{"line":394,"column":96},"end":{"line":394,"column":111}}]},"90":{"type":"branch","line":395,"loc":{"start":{"line":395,"column":39},"end":{"line":395,"column":94}},"locations":[{"start":{"line":395,"column":39},"end":{"line":395,"column":94}}]},"91":{"type":"branch","line":395,"loc":{"start":{"line":395,"column":90},"end":{"line":395,"column":104}},"locations":[{"start":{"line":395,"column":90},"end":{"line":395,"column":104}}]},"92":{"type":"branch","line":400,"loc":{"start":{"line":400,"column":16},"end":{"line":402,"column":16}},"locations":[{"start":{"line":400,"column":16},"end":{"line":402,"column":16}}]},"93":{"type":"branch","line":410,"loc":{"start":{"line":410,"column":26},"end":{"line":429,"column":10}},"locations":[{"start":{"line":410,"column":26},"end":{"line":429,"column":10}}]},"94":{"type":"branch","line":411,"loc":{"start":{"line":411,"column":15},"end":{"line":411,"column":49}},"locations":[{"start":{"line":411,"column":15},"end":{"line":411,"column":49}}]},"95":{"type":"branch","line":411,"loc":{"start":{"line":411,"column":49},"end":{"line":411,"column":61}},"locations":[{"start":{"line":411,"column":49},"end":{"line":411,"column":61}}]},"96":{"type":"branch","line":411,"loc":{"start":{"line":411,"column":56},"end":{"line":413,"column":32}},"locations":[{"start":{"line":411,"column":56},"end":{"line":413,"column":32}}]},"97":{"type":"branch","line":413,"loc":{"start":{"line":413,"column":24},"end":{"line":413,"column":67}},"locations":[{"start":{"line":413,"column":24},"end":{"line":413,"column":67}}]},"98":{"type":"branch","line":413,"loc":{"start":{"line":413,"column":67},"end":{"line":413,"column":79}},"locations":[{"start":{"line":413,"column":67},"end":{"line":413,"column":79}}]},"99":{"type":"branch","line":413,"loc":{"start":{"line":413,"column":74},"end":{"line":414,"column":37}},"locations":[{"start":{"line":413,"column":74},"end":{"line":414,"column":37}}]},"100":{"type":"branch","line":414,"loc":{"start":{"line":414,"column":24},"end":{"line":414,"column":77}},"locations":[{"start":{"line":414,"column":24},"end":{"line":414,"column":77}}]},"101":{"type":"branch","line":414,"loc":{"start":{"line":414,"column":77},"end":{"line":414,"column":89}},"locations":[{"start":{"line":414,"column":77},"end":{"line":414,"column":89}}]},"102":{"type":"branch","line":414,"loc":{"start":{"line":414,"column":84},"end":{"line":415,"column":53}},"locations":[{"start":{"line":414,"column":84},"end":{"line":415,"column":53}}]},"103":{"type":"branch","line":415,"loc":{"start":{"line":415,"column":46},"end":{"line":415,"column":58}},"locations":[{"start":{"line":415,"column":46},"end":{"line":415,"column":58}}]},"104":{"type":"branch","line":415,"loc":{"start":{"line":415,"column":53},"end":{"line":428,"column":12}},"locations":[{"start":{"line":415,"column":53},"end":{"line":428,"column":12}}]},"105":{"type":"branch","line":418,"loc":{"start":{"line":418,"column":38},"end":{"line":428,"column":11}},"locations":[{"start":{"line":418,"column":38},"end":{"line":428,"column":11}}]},"106":{"type":"branch","line":419,"loc":{"start":{"line":419,"column":51},"end":{"line":419,"column":63}},"locations":[{"start":{"line":419,"column":51},"end":{"line":419,"column":63}}]},"107":{"type":"branch","line":432,"loc":{"start":{"line":432,"column":15},"end":{"line":432,"column":54}},"locations":[{"start":{"line":432,"column":15},"end":{"line":432,"column":54}}]},"108":{"type":"branch","line":437,"loc":{"start":{"line":437,"column":20},"end":{"line":448,"column":11}},"locations":[{"start":{"line":437,"column":20},"end":{"line":448,"column":11}}]},"109":{"type":"branch","line":438,"loc":{"start":{"line":438,"column":33},"end":{"line":447,"column":12}},"locations":[{"start":{"line":438,"column":33},"end":{"line":447,"column":12}}]},"110":{"type":"branch","line":441,"loc":{"start":{"line":441,"column":34},"end":{"line":446,"column":14}},"locations":[{"start":{"line":441,"column":34},"end":{"line":446,"column":14}}]},"111":{"type":"branch","line":449,"loc":{"start":{"line":449,"column":28},"end":{"line":462,"column":9}},"locations":[{"start":{"line":449,"column":28},"end":{"line":462,"column":9}}]},"112":{"type":"branch","line":449,"loc":{"start":{"line":449,"column":34},"end":{"line":462,"column":9}},"locations":[{"start":{"line":449,"column":34},"end":{"line":462,"column":9}}]}},"b":{"0":[83],"1":[4],"2":[50],"3":[50],"4":[1],"5":[1],"6":[1],"7":[0],"8":[2],"9":[2],"10":[5],"11":[11],"12":[12],"13":[2],"14":[6],"15":[25],"16":[29],"17":[29],"18":[61],"19":[29],"20":[32],"21":[1],"22":[1],"23":[1],"24":[0],"25":[1],"26":[0],"27":[1],"28":[1],"29":[1],"30":[0],"31":[2],"32":[1],"33":[0],"34":[1],"35":[1],"36":[1],"37":[2],"38":[1],"39":[0],"40":[1],"41":[10],"42":[0],"43":[30],"44":[20],"45":[19],"46":[57],"47":[50],"48":[2],"49":[3],"50":[2],"51":[3],"52":[54],"53":[5],"54":[0],"55":[2],"56":[2],"57":[2],"58":[1],"59":[5],"60":[4],"61":[4],"62":[4],"63":[2],"64":[219],"65":[514],"66":[50],"67":[40],"68":[218],"69":[512],"70":[512],"71":[47],"72":[1],"73":[0],"74":[0],"75":[1],"76":[2],"77":[2],"78":[2],"79":[1],"80":[1],"81":[2],"82":[0],"83":[4],"84":[2],"85":[0],"86":[0],"87":[2],"88":[1],"89":[1],"90":[1],"91":[1],"92":[2],"93":[8],"94":[7],"95":[1],"96":[7],"97":[6],"98":[1],"99":[6],"100":[5],"101":[1],"102":[5],"103":[1],"104":[4],"105":[4],"106":[0],"107":[24],"108":[111],"109":[169],"110":[55],"111":[4],"112":[4]},"fnMap":{"0":{"name":"generateId","decl":{"start":{"line":97,"column":19},"end":{"line":99,"column":1}},"loc":{"start":{"line":97,"column":19},"end":{"line":99,"column":1}},"line":97},"1":{"name":"useFlashcardStore.name","decl":{"start":{"line":107,"column":6},"end":{"line":433,"column":9}},"loc":{"start":{"line":107,"column":6},"end":{"line":433,"column":9}},"line":107},"2":{"name":"createDeck","decl":{"start":{"line":111,"column":20},"end":{"line":123,"column":10}},"loc":{"start":{"line":111,"column":20},"end":{"line":123,"column":10}},"line":111},"3":{"name":"updateDeck","decl":{"start":{"line":125,"column":20},"end":{"line":131,"column":10}},"loc":{"start":{"line":125,"column":20},"end":{"line":131,"column":10}},"line":125},"4":{"name":"deleteDeck","decl":{"start":{"line":133,"column":20},"end":{"line":137,"column":10}},"loc":{"start":{"line":133,"column":20},"end":{"line":137,"column":10}},"line":133},"5":{"name":"getDeckById","decl":{"start":{"line":139,"column":21},"end":{"line":142,"column":10}},"loc":{"start":{"line":139,"column":21},"end":{"line":142,"column":10}},"line":139},"6":{"name":"getDecksBySubject","decl":{"start":{"line":144,"column":27},"end":{"line":147,"column":10}},"loc":{"start":{"line":144,"column":27},"end":{"line":147,"column":10}},"line":144},"7":{"name":"getDecks","decl":{"start":{"line":149,"column":18},"end":{"line":152,"column":10}},"loc":{"start":{"line":149,"column":18},"end":{"line":152,"column":10}},"line":149},"8":{"name":"addCardToDeck","decl":{"start":{"line":155,"column":23},"end":{"line":169,"column":10}},"loc":{"start":{"line":155,"column":23},"end":{"line":169,"column":10}},"line":155},"9":{"name":"updateCardInDeck","decl":{"start":{"line":171,"column":26},"end":{"line":184,"column":10}},"loc":{"start":{"line":171,"column":26},"end":{"line":184,"column":10}},"line":171},"10":{"name":"removeCardFromDeck","decl":{"start":{"line":186,"column":28},"end":{"line":194,"column":10}},"loc":{"start":{"line":186,"column":28},"end":{"line":194,"column":10}},"line":186},"11":{"name":"moveCardBetweenDecks","decl":{"start":{"line":196,"column":30},"end":{"line":215,"column":10}},"loc":{"start":{"line":196,"column":30},"end":{"line":215,"column":10}},"line":196},"12":{"name":"filterDecks","decl":{"start":{"line":218,"column":21},"end":{"line":235,"column":10}},"loc":{"start":{"line":218,"column":21},"end":{"line":235,"column":10}},"line":218},"13":{"name":"sortDecks","decl":{"start":{"line":237,"column":19},"end":{"line":262,"column":10}},"loc":{"start":{"line":237,"column":19},"end":{"line":262,"column":10}},"line":237},"14":{"name":"filterCards","decl":{"start":{"line":264,"column":21},"end":{"line":289,"column":10}},"loc":{"start":{"line":264,"column":21},"end":{"line":289,"column":10}},"line":264},"15":{"name":"getCardsDueForReview","decl":{"start":{"line":291,"column":30},"end":{"line":305,"column":10}},"loc":{"start":{"line":291,"column":30},"end":{"line":305,"column":10}},"line":291},"16":{"name":"getStats","decl":{"start":{"line":308,"column":18},"end":{"line":334,"column":10}},"loc":{"start":{"line":308,"column":18},"end":{"line":334,"column":10}},"line":308},"17":{"name":"state.decks.reduce.easy","decl":{"start":{"line":315,"column":12},"end":{"line":320,"column":14}},"loc":{"start":{"line":315,"column":12},"end":{"line":320,"column":14}},"line":315},"18":{"name":"getDeckPerformanceMetrics","decl":{"start":{"line":336,"column":35},"end":{"line":366,"column":10}},"loc":{"start":{"line":336,"column":35},"end":{"line":366,"column":10}},"line":336},"19":{"name":"exportDeck","decl":{"start":{"line":369,"column":20},"end":{"line":375,"column":10}},"loc":{"start":{"line":369,"column":20},"end":{"line":375,"column":10}},"line":369},"20":{"name":"importDeck","decl":{"start":{"line":377,"column":20},"end":{"line":408,"column":10}},"loc":{"start":{"line":377,"column":20},"end":{"line":408,"column":10}},"line":377},"21":{"name":"validateDeckData","decl":{"start":{"line":410,"column":26},"end":{"line":429,"column":10}},"loc":{"start":{"line":410,"column":26},"end":{"line":429,"column":10}},"line":410},"22":{"name":"reset","decl":{"start":{"line":432,"column":15},"end":{"line":432,"column":54}},"loc":{"start":{"line":432,"column":15},"end":{"line":432,"column":54}},"line":432},"23":{"name":"partialize","decl":{"start":{"line":437,"column":20},"end":{"line":448,"column":11}},"loc":{"start":{"line":437,"column":20},"end":{"line":448,"column":11}},"line":437},"24":{"name":"onRehydrateStorage","decl":{"start":{"line":449,"column":28},"end":{"line":462,"column":9}},"loc":{"start":{"line":449,"column":28},"end":{"line":462,"column":9}},"line":449}},"f":{"0":83,"1":4,"2":50,"3":1,"4":2,"5":11,"6":2,"7":25,"8":29,"9":1,"10":1,"11":1,"12":10,"13":19,"14":5,"15":219,"16":218,"17":512,"18":1,"19":2,"20":2,"21":8,"22":24,"23":111,"24":4}}
,"/Users/Yousef_1/Dokumenter/HjemmesideIT/EksamKlarReboot/examklar-tdd/src/types/index.ts": {"path":"/Users/Yousef_1/Dokumenter/HjemmesideIT/EksamKlarReboot/examklar-tdd/src/types/index.ts","all":true,"statementMap":{},"s":{},"branchMap":{"0":{"type":"branch","line":1,"loc":{"start":{"line":1,"column":2997},"end":{"line":161,"column":1}},"locations":[{"start":{"line":1,"column":2997},"end":{"line":161,"column":1}}]}},"b":{"0":[1]},"fnMap":{"0":{"name":"(empty-report)","decl":{"start":{"line":1,"column":2997},"end":{"line":161,"column":1}},"loc":{"start":{"line":1,"column":2997},"end":{"line":161,"column":1}},"line":1}},"f":{"0":1}}
}
