{"/Users/Yousef_1/Dokumenter/HjemmesideIT/EksamKlarReboot/examklar-tdd/postcss.config.js": {"path":"/Users/Yousef_1/Dokumenter/HjemmesideIT/EksamKlarReboot/examklar-tdd/postcss.config.js","all":true,"statementMap":{"0":{"start":{"line":1,"column":0},"end":{"line":1,"column":16}},"1":{"start":{"line":2,"column":0},"end":{"line":2,"column":12}},"2":{"start":{"line":3,"column":0},"end":{"line":3,"column":20}},"3":{"start":{"line":4,"column":0},"end":{"line":4,"column":21}},"4":{"start":{"line":5,"column":0},"end":{"line":5,"column":4}},"5":{"start":{"line":6,"column":0},"end":{"line":6,"column":1}}},"s":{"0":0,"1":0,"2":0,"3":0,"4":0,"5":0},"branchMap":{"0":{"type":"branch","line":1,"loc":{"start":{"line":1,"column":79},"end":{"line":6,"column":1}},"locations":[{"start":{"line":1,"column":79},"end":{"line":6,"column":1}}]}},"b":{"0":[0]},"fnMap":{"0":{"name":"(empty-report)","decl":{"start":{"line":1,"column":79},"end":{"line":6,"column":1}},"loc":{"start":{"line":1,"column":79},"end":{"line":6,"column":1}},"line":1}},"f":{"0":0}}
,"/Users/Yousef_1/Dokumenter/HjemmesideIT/EksamKlarReboot/examklar-tdd/tailwind.config.js": {"path":"/Users/Yousef_1/Dokumenter/HjemmesideIT/EksamKlarReboot/examklar-tdd/tailwind.config.js","all":true,"statementMap":{"0":{"start":{"line":1,"column":0},"end":{"line":1,"column":43}},"1":{"start":{"line":2,"column":0},"end":{"line":2,"column":16}},"2":{"start":{"line":3,"column":0},"end":{"line":3,"column":12}},"3":{"start":{"line":4,"column":0},"end":{"line":4,"column":19}},"4":{"start":{"line":5,"column":0},"end":{"line":5,"column":33}},"5":{"start":{"line":6,"column":0},"end":{"line":6,"column":4}},"6":{"start":{"line":7,"column":0},"end":{"line":7,"column":10}},"7":{"start":{"line":8,"column":0},"end":{"line":8,"column":13}},"8":{"start":{"line":9,"column":0},"end":{"line":9,"column":15}},"9":{"start":{"line":10,"column":0},"end":{"line":10,"column":18}},"10":{"start":{"line":11,"column":0},"end":{"line":11,"column":24}},"11":{"start":{"line":12,"column":0},"end":{"line":12,"column":25}},"12":{"start":{"line":13,"column":0},"end":{"line":13,"column":25}},"13":{"start":{"line":14,"column":0},"end":{"line":14,"column":25}},"14":{"start":{"line":15,"column":0},"end":{"line":15,"column":9}},"15":{"start":{"line":16,"column":0},"end":{"line":16,"column":8}},"16":{"start":{"line":17,"column":0},"end":{"line":17,"column":19}},"17":{"start":{"line":18,"column":0},"end":{"line":18,"column":38}},"18":{"start":{"line":19,"column":0},"end":{"line":19,"column":8}},"19":{"start":{"line":20,"column":0},"end":{"line":20,"column":6}},"20":{"start":{"line":21,"column":0},"end":{"line":21,"column":4}},"21":{"start":{"line":22,"column":0},"end":{"line":22,"column":14}},"22":{"start":{"line":23,"column":0},"end":{"line":23,"column":1}}},"s":{"0":0,"1":0,"2":0,"3":0,"4":0,"5":0,"6":0,"7":0,"8":0,"9":0,"10":0,"11":0,"12":0,"13":0,"14":0,"15":0,"16":0,"17":0,"18":0,"19":0,"20":0,"21":0,"22":0},"branchMap":{"0":{"type":"branch","line":1,"loc":{"start":{"line":1,"column":411},"end":{"line":23,"column":1}},"locations":[{"start":{"line":1,"column":411},"end":{"line":23,"column":1}}]}},"b":{"0":[0]},"fnMap":{"0":{"name":"(empty-report)","decl":{"start":{"line":1,"column":411},"end":{"line":23,"column":1}},"loc":{"start":{"line":1,"column":411},"end":{"line":23,"column":1}},"line":1}},"f":{"0":0}}
,"/Users/Yousef_1/Dokumenter/HjemmesideIT/EksamKlarReboot/examklar-tdd/src/App.tsx": {"path":"/Users/Yousef_1/Dokumenter/HjemmesideIT/EksamKlarReboot/examklar-tdd/src/App.tsx","all":false,"statementMap":{"0":{"start":{"line":1,"column":0},"end":{"line":1,"column":48}},"1":{"start":{"line":2,"column":0},"end":{"line":2,"column":47}},"2":{"start":{"line":3,"column":0},"end":{"line":3,"column":51}},"3":{"start":{"line":4,"column":0},"end":{"line":4,"column":49}},"4":{"start":{"line":5,"column":0},"end":{"line":5,"column":41}},"5":{"start":{"line":6,"column":0},"end":{"line":6,"column":51}},"6":{"start":{"line":7,"column":0},"end":{"line":7,"column":39}},"7":{"start":{"line":8,"column":0},"end":{"line":8,"column":47}},"9":{"start":{"line":10,"column":0},"end":{"line":10,"column":16}},"10":{"start":{"line":11,"column":0},"end":{"line":11,"column":10}},"11":{"start":{"line":12,"column":0},"end":{"line":12,"column":12}},"12":{"start":{"line":13,"column":0},"end":{"line":13,"column":14}},"13":{"start":{"line":14,"column":0},"end":{"line":14,"column":55}},"14":{"start":{"line":15,"column":0},"end":{"line":15,"column":63}},"15":{"start":{"line":16,"column":0},"end":{"line":16,"column":55}},"16":{"start":{"line":17,"column":0},"end":{"line":17,"column":65}},"17":{"start":{"line":18,"column":0},"end":{"line":18,"column":53}},"18":{"start":{"line":19,"column":0},"end":{"line":19,"column":53}},"19":{"start":{"line":20,"column":0},"end":{"line":20,"column":15}},"20":{"start":{"line":21,"column":0},"end":{"line":21,"column":13}},"22":{"start":{"line":23,"column":0},"end":{"line":23,"column":1}},"24":{"start":{"line":25,"column":0},"end":{"line":25,"column":18}}},"s":{"0":1,"1":1,"2":1,"3":1,"4":1,"5":1,"6":1,"7":1,"9":10,"10":10,"11":10,"12":10,"13":10,"14":10,"15":10,"16":10,"17":10,"18":10,"19":10,"20":10,"22":10,"24":1},"branchMap":{"0":{"type":"branch","line":10,"loc":{"start":{"line":10,"column":0},"end":{"line":23,"column":1}},"locations":[{"start":{"line":10,"column":0},"end":{"line":23,"column":1}}]}},"b":{"0":[10]},"fnMap":{"0":{"name":"App","decl":{"start":{"line":10,"column":0},"end":{"line":23,"column":1}},"loc":{"start":{"line":10,"column":0},"end":{"line":23,"column":1}},"line":10}},"f":{"0":10}}
,"/Users/Yousef_1/Dokumenter/HjemmesideIT/EksamKlarReboot/examklar-tdd/src/main.tsx": {"path":"/Users/Yousef_1/Dokumenter/HjemmesideIT/EksamKlarReboot/examklar-tdd/src/main.tsx","all":true,"statementMap":{"0":{"start":{"line":1,"column":0},"end":{"line":1,"column":34}},"1":{"start":{"line":2,"column":0},"end":{"line":2,"column":45}},"2":{"start":{"line":3,"column":0},"end":{"line":3,"column":20}},"3":{"start":{"line":4,"column":0},"end":{"line":4,"column":27}},"5":{"start":{"line":6,"column":0},"end":{"line":6,"column":52}},"6":{"start":{"line":7,"column":0},"end":{"line":7,"column":14}},"7":{"start":{"line":8,"column":0},"end":{"line":8,"column":11}},"8":{"start":{"line":9,"column":0},"end":{"line":9,"column":16}},"9":{"start":{"line":10,"column":0},"end":{"line":10,"column":1}}},"s":{"0":0,"1":0,"2":0,"3":0,"5":0,"6":0,"7":0,"8":0,"9":0},"branchMap":{"0":{"type":"branch","line":1,"loc":{"start":{"line":1,"column":203},"end":{"line":10,"column":-148}},"locations":[{"start":{"line":1,"column":203},"end":{"line":10,"column":-148}}]}},"b":{"0":[0]},"fnMap":{"0":{"name":"(empty-report)","decl":{"start":{"line":1,"column":203},"end":{"line":10,"column":-148}},"loc":{"start":{"line":1,"column":203},"end":{"line":10,"column":-148}},"line":1}},"f":{"0":0}}
,"/Users/Yousef_1/Dokumenter/HjemmesideIT/EksamKlarReboot/examklar-tdd/src/components/SubjectCard.tsx": {"path":"/Users/Yousef_1/Dokumenter/HjemmesideIT/EksamKlarReboot/examklar-tdd/src/components/SubjectCard.tsx","all":false,"statementMap":{"0":{"start":{"line":1,"column":0},"end":{"line":1,"column":25}},"20":{"start":{"line":21,"column":0},"end":{"line":21,"column":44}},"21":{"start":{"line":22,"column":0},"end":{"line":22,"column":43}},"22":{"start":{"line":23,"column":0},"end":{"line":23,"column":20}},"23":{"start":{"line":24,"column":0},"end":{"line":24,"column":19}},"24":{"start":{"line":25,"column":0},"end":{"line":25,"column":18}},"25":{"start":{"line":26,"column":0},"end":{"line":26,"column":4}},"26":{"start":{"line":27,"column":0},"end":{"line":27,"column":1}},"31":{"start":{"line":32,"column":0},"end":{"line":32,"column":54}},"32":{"start":{"line":33,"column":0},"end":{"line":33,"column":26}},"33":{"start":{"line":34,"column":0},"end":{"line":34,"column":55}},"34":{"start":{"line":35,"column":0},"end":{"line":35,"column":49}},"35":{"start":{"line":36,"column":0},"end":{"line":36,"column":1}},"40":{"start":{"line":41,"column":0},"end":{"line":41,"column":55}},"41":{"start":{"line":42,"column":0},"end":{"line":42,"column":64}},"42":{"start":{"line":43,"column":0},"end":{"line":43,"column":64}},"43":{"start":{"line":44,"column":0},"end":{"line":44,"column":69}},"44":{"start":{"line":45,"column":0},"end":{"line":45,"column":45}},"45":{"start":{"line":46,"column":0},"end":{"line":46,"column":1}},"57":{"start":{"line":58,"column":0},"end":{"line":58,"column":57}},"58":{"start":{"line":59,"column":0},"end":{"line":59,"column":10}},"59":{"start":{"line":60,"column":0},"end":{"line":60,"column":11}},"60":{"start":{"line":61,"column":0},"end":{"line":61,"column":11}},"61":{"start":{"line":62,"column":0},"end":{"line":62,"column":16}},"62":{"start":{"line":63,"column":0},"end":{"line":63,"column":7}},"63":{"start":{"line":64,"column":0},"end":{"line":64,"column":53}},"64":{"start":{"line":65,"column":0},"end":{"line":65,"column":48}},"66":{"start":{"line":67,"column":0},"end":{"line":67,"column":29}},"67":{"start":{"line":68,"column":0},"end":{"line":68,"column":23}},"68":{"start":{"line":69,"column":0},"end":{"line":69,"column":3}},"70":{"start":{"line":71,"column":0},"end":{"line":71,"column":57}},"71":{"start":{"line":72,"column":0},"end":{"line":72,"column":53}},"72":{"start":{"line":73,"column":0},"end":{"line":73,"column":28}},"73":{"start":{"line":74,"column":0},"end":{"line":74,"column":25}},"74":{"start":{"line":75,"column":0},"end":{"line":75,"column":5}},"75":{"start":{"line":76,"column":0},"end":{"line":76,"column":3}},"77":{"start":{"line":78,"column":0},"end":{"line":78,"column":194}},"79":{"start":{"line":80,"column":0},"end":{"line":80,"column":10}},"80":{"start":{"line":81,"column":0},"end":{"line":81,"column":11}},"81":{"start":{"line":82,"column":0},"end":{"line":82,"column":192}},"82":{"start":{"line":83,"column":0},"end":{"line":83,"column":27}},"83":{"start":{"line":84,"column":0},"end":{"line":84,"column":31}},"84":{"start":{"line":85,"column":0},"end":{"line":85,"column":32}},"85":{"start":{"line":86,"column":0},"end":{"line":86,"column":19}},"86":{"start":{"line":87,"column":0},"end":{"line":87,"column":18}},"89":{"start":{"line":90,"column":0},"end":{"line":90,"column":61}},"90":{"start":{"line":91,"column":0},"end":{"line":91,"column":53}},"91":{"start":{"line":92,"column":0},"end":{"line":92,"column":85}},"92":{"start":{"line":93,"column":0},"end":{"line":93,"column":27}},"93":{"start":{"line":94,"column":0},"end":{"line":94,"column":17}},"94":{"start":{"line":95,"column":0},"end":{"line":95,"column":15}},"95":{"start":{"line":96,"column":0},"end":{"line":96,"column":64}},"96":{"start":{"line":97,"column":0},"end":{"line":97,"column":28}},"97":{"start":{"line":98,"column":0},"end":{"line":98,"column":17}},"98":{"start":{"line":99,"column":0},"end":{"line":99,"column":37}},"99":{"start":{"line":100,"column":0},"end":{"line":100,"column":56}},"100":{"start":{"line":101,"column":0},"end":{"line":101,"column":37}},"101":{"start":{"line":102,"column":0},"end":{"line":102,"column":18}},"103":{"start":{"line":104,"column":0},"end":{"line":104,"column":16}},"104":{"start":{"line":105,"column":0},"end":{"line":105,"column":14}},"107":{"start":{"line":108,"column":0},"end":{"line":108,"column":49}},"108":{"start":{"line":109,"column":0},"end":{"line":109,"column":27}},"109":{"start":{"line":110,"column":0},"end":{"line":110,"column":92}},"111":{"start":{"line":112,"column":0},"end":{"line":112,"column":19}},"113":{"start":{"line":114,"column":0},"end":{"line":114,"column":52}},"114":{"start":{"line":115,"column":0},"end":{"line":115,"column":34}},"115":{"start":{"line":116,"column":0},"end":{"line":116,"column":19}},"117":{"start":{"line":118,"column":0},"end":{"line":118,"column":14}},"118":{"start":{"line":119,"column":0},"end":{"line":119,"column":12}},"121":{"start":{"line":122,"column":0},"end":{"line":122,"column":84}},"122":{"start":{"line":123,"column":0},"end":{"line":123,"column":57}},"123":{"start":{"line":124,"column":0},"end":{"line":124,"column":51}},"124":{"start":{"line":125,"column":0},"end":{"line":125,"column":12}},"127":{"start":{"line":128,"column":0},"end":{"line":128,"column":34}},"128":{"start":{"line":129,"column":0},"end":{"line":129,"column":30}},"129":{"start":{"line":130,"column":0},"end":{"line":130,"column":66}},"130":{"start":{"line":131,"column":0},"end":{"line":131,"column":67}},"131":{"start":{"line":132,"column":0},"end":{"line":132,"column":82}},"132":{"start":{"line":133,"column":0},"end":{"line":133,"column":16}},"133":{"start":{"line":134,"column":0},"end":{"line":134,"column":63}},"134":{"start":{"line":135,"column":0},"end":{"line":135,"column":16}},"135":{"start":{"line":136,"column":0},"end":{"line":136,"column":82}},"136":{"start":{"line":137,"column":0},"end":{"line":137,"column":75}},"137":{"start":{"line":138,"column":0},"end":{"line":138,"column":32}},"138":{"start":{"line":139,"column":0},"end":{"line":139,"column":38}},"139":{"start":{"line":140,"column":0},"end":{"line":140,"column":31}},"140":{"start":{"line":141,"column":0},"end":{"line":141,"column":33}},"141":{"start":{"line":142,"column":0},"end":{"line":142,"column":66}},"142":{"start":{"line":143,"column":0},"end":{"line":143,"column":14}},"143":{"start":{"line":144,"column":0},"end":{"line":144,"column":16}},"144":{"start":{"line":145,"column":0},"end":{"line":145,"column":14}},"146":{"start":{"line":147,"column":0},"end":{"line":147,"column":13}},"148":{"start":{"line":149,"column":0},"end":{"line":149,"column":1}}},"s":{"0":1,"20":1,"21":24,"22":24,"23":24,"24":24,"25":24,"26":24,"31":1,"32":12,"33":12,"34":12,"35":12,"40":1,"41":12,"42":12,"43":12,"44":9,"45":9,"57":1,"58":12,"59":12,"60":12,"61":12,"62":12,"63":12,"64":12,"66":12,"67":1,"68":1,"70":12,"71":1,"72":1,"73":1,"74":1,"75":1,"77":12,"79":12,"80":12,"81":12,"82":12,"83":12,"84":12,"85":12,"86":12,"89":12,"90":12,"91":12,"92":12,"93":12,"94":12,"95":12,"96":12,"97":12,"98":12,"99":11,"100":11,"101":11,"103":12,"104":12,"107":12,"108":12,"109":1,"111":1,"113":11,"114":11,"115":11,"117":12,"118":12,"121":12,"122":12,"123":12,"124":12,"127":12,"128":2,"129":2,"130":2,"131":2,"132":2,"133":2,"134":2,"135":2,"136":2,"137":2,"138":2,"139":2,"140":2,"141":2,"142":2,"143":2,"144":2,"146":12,"148":12},"branchMap":{"0":{"type":"branch","line":21,"loc":{"start":{"line":21,"column":19},"end":{"line":27,"column":1}},"locations":[{"start":{"line":21,"column":19},"end":{"line":27,"column":1}}]},"1":{"type":"branch","line":32,"loc":{"start":{"line":32,"column":25},"end":{"line":36,"column":1}},"locations":[{"start":{"line":32,"column":25},"end":{"line":36,"column":1}}]},"2":{"type":"branch","line":41,"loc":{"start":{"line":41,"column":24},"end":{"line":46,"column":1}},"locations":[{"start":{"line":41,"column":24},"end":{"line":46,"column":1}}]},"3":{"type":"branch","line":42,"loc":{"start":{"line":42,"column":20},"end":{"line":42,"column":64}},"locations":[{"start":{"line":42,"column":20},"end":{"line":42,"column":64}}]},"4":{"type":"branch","line":42,"loc":{"start":{"line":42,"column":27},"end":{"line":43,"column":28}},"locations":[{"start":{"line":42,"column":27},"end":{"line":43,"column":28}}]},"5":{"type":"branch","line":43,"loc":{"start":{"line":43,"column":21},"end":{"line":43,"column":64}},"locations":[{"start":{"line":43,"column":21},"end":{"line":43,"column":64}}]},"6":{"type":"branch","line":43,"loc":{"start":{"line":43,"column":28},"end":{"line":44,"column":29}},"locations":[{"start":{"line":43,"column":28},"end":{"line":44,"column":29}}]},"7":{"type":"branch","line":44,"loc":{"start":{"line":44,"column":22},"end":{"line":44,"column":69}},"locations":[{"start":{"line":44,"column":22},"end":{"line":44,"column":69}}]},"8":{"type":"branch","line":44,"loc":{"start":{"line":44,"column":29},"end":{"line":46,"column":1}},"locations":[{"start":{"line":44,"column":29},"end":{"line":46,"column":1}}]},"9":{"type":"branch","line":58,"loc":{"start":{"line":58,"column":55},"end":{"line":149,"column":1}},"locations":[{"start":{"line":58,"column":55},"end":{"line":149,"column":1}}]},"10":{"type":"branch","line":78,"loc":{"start":{"line":78,"column":151},"end":{"line":78,"column":190}},"locations":[{"start":{"line":78,"column":151},"end":{"line":78,"column":190}}]},"11":{"type":"branch","line":78,"loc":{"start":{"line":78,"column":174},"end":{"line":78,"column":192}},"locations":[{"start":{"line":78,"column":174},"end":{"line":78,"column":192}}]},"12":{"type":"branch","line":99,"loc":{"start":{"line":99,"column":21},"end":{"line":102,"column":18}},"locations":[{"start":{"line":99,"column":21},"end":{"line":102,"column":18}}]},"13":{"type":"branch","line":109,"loc":{"start":{"line":109,"column":22},"end":{"line":112,"column":19}},"locations":[{"start":{"line":109,"column":22},"end":{"line":112,"column":19}}]},"14":{"type":"branch","line":112,"loc":{"start":{"line":112,"column":12},"end":{"line":116,"column":19}},"locations":[{"start":{"line":112,"column":12},"end":{"line":116,"column":19}}]},"15":{"type":"branch","line":128,"loc":{"start":{"line":128,"column":20},"end":{"line":145,"column":14}},"locations":[{"start":{"line":128,"column":20},"end":{"line":145,"column":14}}]},"16":{"type":"branch","line":67,"loc":{"start":{"line":67,"column":22},"end":{"line":69,"column":3}},"locations":[{"start":{"line":67,"column":22},"end":{"line":69,"column":3}}]},"17":{"type":"branch","line":71,"loc":{"start":{"line":71,"column":24},"end":{"line":76,"column":3}},"locations":[{"start":{"line":71,"column":24},"end":{"line":76,"column":3}}]},"18":{"type":"branch","line":72,"loc":{"start":{"line":72,"column":22},"end":{"line":72,"column":52}},"locations":[{"start":{"line":72,"column":22},"end":{"line":72,"column":52}}]}},"b":{"0":[24],"1":[12],"2":[12],"3":[1],"4":[11],"5":[1],"6":[10],"7":[1],"8":[9],"9":[12],"10":[2],"11":[10],"12":[11],"13":[1],"14":[11],"15":[2],"16":[1],"17":[1],"18":[0]},"fnMap":{"0":{"name":"formatDate","decl":{"start":{"line":21,"column":19},"end":{"line":27,"column":1}},"loc":{"start":{"line":21,"column":19},"end":{"line":27,"column":1}},"line":21},"1":{"name":"getDaysUntilExam","decl":{"start":{"line":32,"column":25},"end":{"line":36,"column":1}},"loc":{"start":{"line":32,"column":25},"end":{"line":36,"column":1}},"line":32},"2":{"name":"getUrgencyStyle","decl":{"start":{"line":41,"column":24},"end":{"line":46,"column":1}},"loc":{"start":{"line":41,"column":24},"end":{"line":46,"column":1}},"line":41},"3":{"name":"SubjectCard","decl":{"start":{"line":58,"column":55},"end":{"line":149,"column":1}},"loc":{"start":{"line":58,"column":55},"end":{"line":149,"column":1}},"line":58},"4":{"name":"handleClick","decl":{"start":{"line":67,"column":22},"end":{"line":69,"column":3}},"loc":{"start":{"line":67,"column":22},"end":{"line":69,"column":3}},"line":67},"5":{"name":"handleKeyDown","decl":{"start":{"line":71,"column":24},"end":{"line":76,"column":3}},"loc":{"start":{"line":71,"column":24},"end":{"line":76,"column":3}},"line":71}},"f":{"0":24,"1":12,"2":12,"3":12,"4":1,"5":1}}
,"/Users/Yousef_1/Dokumenter/HjemmesideIT/EksamKlarReboot/examklar-tdd/src/components/layout/Layout.tsx": {"path":"/Users/Yousef_1/Dokumenter/HjemmesideIT/EksamKlarReboot/examklar-tdd/src/components/layout/Layout.tsx","all":false,"statementMap":{"0":{"start":{"line":1,"column":0},"end":{"line":1,"column":38}},"6":{"start":{"line":7,"column":0},"end":{"line":7,"column":47}},"7":{"start":{"line":8,"column":0},"end":{"line":8,"column":10}},"8":{"start":{"line":9,"column":0},"end":{"line":9,"column":45}},"9":{"start":{"line":10,"column":0},"end":{"line":10,"column":60}},"10":{"start":{"line":11,"column":0},"end":{"line":11,"column":64}},"11":{"start":{"line":12,"column":0},"end":{"line":12,"column":53}},"12":{"start":{"line":13,"column":0},"end":{"line":13,"column":47}},"13":{"start":{"line":14,"column":0},"end":{"line":14,"column":75}},"14":{"start":{"line":15,"column":0},"end":{"line":15,"column":18}},"15":{"start":{"line":16,"column":0},"end":{"line":16,"column":16}},"16":{"start":{"line":17,"column":0},"end":{"line":17,"column":14}},"17":{"start":{"line":18,"column":0},"end":{"line":18,"column":12}},"19":{"start":{"line":20,"column":0},"end":{"line":20,"column":41}},"20":{"start":{"line":21,"column":0},"end":{"line":21,"column":64}},"21":{"start":{"line":22,"column":0},"end":{"line":22,"column":20}},"22":{"start":{"line":23,"column":0},"end":{"line":23,"column":14}},"23":{"start":{"line":24,"column":0},"end":{"line":24,"column":13}},"24":{"start":{"line":25,"column":0},"end":{"line":25,"column":10}},"26":{"start":{"line":27,"column":0},"end":{"line":27,"column":1}},"28":{"start":{"line":29,"column":0},"end":{"line":29,"column":21}}},"s":{"0":1,"6":1,"7":29,"8":29,"9":29,"10":29,"11":29,"12":29,"13":29,"14":29,"15":29,"16":29,"17":29,"19":29,"20":29,"21":29,"22":29,"23":29,"24":29,"26":29,"28":1},"branchMap":{"0":{"type":"branch","line":7,"loc":{"start":{"line":7,"column":15},"end":{"line":27,"column":1}},"locations":[{"start":{"line":7,"column":15},"end":{"line":27,"column":1}}]}},"b":{"0":[29]},"fnMap":{"0":{"name":"Layout","decl":{"start":{"line":7,"column":15},"end":{"line":27,"column":1}},"loc":{"start":{"line":7,"column":15},"end":{"line":27,"column":1}},"line":7}},"f":{"0":29}}
,"/Users/Yousef_1/Dokumenter/HjemmesideIT/EksamKlarReboot/examklar-tdd/src/components/ui/Button.tsx": {"path":"/Users/Yousef_1/Dokumenter/HjemmesideIT/EksamKlarReboot/examklar-tdd/src/components/ui/Button.tsx","all":false,"statementMap":{"0":{"start":{"line":1,"column":0},"end":{"line":1,"column":25}},"1":{"start":{"line":2,"column":0},"end":{"line":2,"column":65}},"7":{"start":{"line":8,"column":0},"end":{"line":8,"column":27}},"9":{"start":{"line":10,"column":0},"end":{"line":10,"column":245}},"10":{"start":{"line":11,"column":0},"end":{"line":11,"column":3}},"11":{"start":{"line":12,"column":0},"end":{"line":12,"column":15}},"12":{"start":{"line":13,"column":0},"end":{"line":13,"column":16}},"13":{"start":{"line":14,"column":0},"end":{"line":14,"column":79}},"14":{"start":{"line":15,"column":0},"end":{"line":15,"column":84}},"15":{"start":{"line":16,"column":0},"end":{"line":16,"column":92}},"16":{"start":{"line":17,"column":0},"end":{"line":17,"column":8}},"17":{"start":{"line":18,"column":0},"end":{"line":18,"column":13}},"18":{"start":{"line":19,"column":0},"end":{"line":19,"column":31}},"19":{"start":{"line":20,"column":0},"end":{"line":20,"column":32}},"20":{"start":{"line":21,"column":0},"end":{"line":21,"column":33}},"21":{"start":{"line":22,"column":0},"end":{"line":22,"column":7}},"22":{"start":{"line":23,"column":0},"end":{"line":23,"column":6}},"23":{"start":{"line":24,"column":0},"end":{"line":24,"column":22}},"24":{"start":{"line":25,"column":0},"end":{"line":25,"column":25}},"25":{"start":{"line":26,"column":0},"end":{"line":26,"column":16}},"26":{"start":{"line":27,"column":0},"end":{"line":27,"column":5}},"27":{"start":{"line":28,"column":0},"end":{"line":28,"column":3}},"28":{"start":{"line":29,"column":0},"end":{"line":29,"column":1}},"49":{"start":{"line":50,"column":0},"end":{"line":50,"column":71}},"50":{"start":{"line":51,"column":0},"end":{"line":51,"column":52}},"51":{"start":{"line":52,"column":0},"end":{"line":52,"column":12}},"52":{"start":{"line":53,"column":0},"end":{"line":53,"column":13}},"53":{"start":{"line":54,"column":0},"end":{"line":54,"column":64}},"54":{"start":{"line":55,"column":0},"end":{"line":55,"column":17}},"55":{"start":{"line":56,"column":0},"end":{"line":56,"column":18}},"56":{"start":{"line":57,"column":0},"end":{"line":57,"column":8}},"58":{"start":{"line":59,"column":0},"end":{"line":59,"column":3}},"59":{"start":{"line":60,"column":0},"end":{"line":60,"column":1}},"61":{"start":{"line":62,"column":0},"end":{"line":62,"column":29}}},"s":{"0":1,"1":1,"7":1,"9":1,"10":1,"11":1,"12":1,"13":1,"14":1,"15":1,"16":1,"17":1,"18":1,"19":1,"20":1,"21":1,"22":1,"23":1,"24":1,"25":1,"26":1,"27":1,"28":1,"49":1,"50":1,"51":11,"52":11,"53":11,"54":11,"55":11,"56":11,"58":11,"59":1,"61":1},"branchMap":{"0":{"type":"branch","line":51,"loc":{"start":{"line":51,"column":2},"end":{"line":59,"column":3}},"locations":[{"start":{"line":51,"column":2},"end":{"line":59,"column":3}}]}},"b":{"0":[11]},"fnMap":{},"f":{}}
,"/Users/Yousef_1/Dokumenter/HjemmesideIT/EksamKlarReboot/examklar-tdd/src/components/ui/Input.tsx": {"path":"/Users/Yousef_1/Dokumenter/HjemmesideIT/EksamKlarReboot/examklar-tdd/src/components/ui/Input.tsx","all":false,"statementMap":{"0":{"start":{"line":1,"column":0},"end":{"line":1,"column":25}},"1":{"start":{"line":2,"column":0},"end":{"line":2,"column":65}},"7":{"start":{"line":8,"column":0},"end":{"line":8,"column":26}},"9":{"start":{"line":10,"column":0},"end":{"line":10,"column":211}},"10":{"start":{"line":11,"column":0},"end":{"line":11,"column":3}},"11":{"start":{"line":12,"column":0},"end":{"line":12,"column":15}},"12":{"start":{"line":13,"column":0},"end":{"line":13,"column":16}},"13":{"start":{"line":14,"column":0},"end":{"line":14,"column":57}},"14":{"start":{"line":15,"column":0},"end":{"line":15,"column":72}},"15":{"start":{"line":16,"column":0},"end":{"line":16,"column":79}},"16":{"start":{"line":17,"column":0},"end":{"line":17,"column":8}},"17":{"start":{"line":18,"column":0},"end":{"line":18,"column":13}},"18":{"start":{"line":19,"column":0},"end":{"line":19,"column":31}},"19":{"start":{"line":20,"column":0},"end":{"line":20,"column":32}},"20":{"start":{"line":21,"column":0},"end":{"line":21,"column":33}},"21":{"start":{"line":22,"column":0},"end":{"line":22,"column":7}},"22":{"start":{"line":23,"column":0},"end":{"line":23,"column":6}},"23":{"start":{"line":24,"column":0},"end":{"line":24,"column":22}},"24":{"start":{"line":25,"column":0},"end":{"line":25,"column":25}},"25":{"start":{"line":26,"column":0},"end":{"line":26,"column":16}},"26":{"start":{"line":27,"column":0},"end":{"line":27,"column":5}},"27":{"start":{"line":28,"column":0},"end":{"line":28,"column":3}},"28":{"start":{"line":29,"column":0},"end":{"line":29,"column":1}},"61":{"start":{"line":62,"column":0},"end":{"line":62,"column":68}},"62":{"start":{"line":63,"column":0},"end":{"line":63,"column":5}},"63":{"start":{"line":64,"column":0},"end":{"line":64,"column":15}},"64":{"start":{"line":65,"column":0},"end":{"line":65,"column":13}},"65":{"start":{"line":66,"column":0},"end":{"line":66,"column":10}},"66":{"start":{"line":67,"column":0},"end":{"line":67,"column":11}},"67":{"start":{"line":68,"column":0},"end":{"line":68,"column":11}},"68":{"start":{"line":69,"column":0},"end":{"line":69,"column":13}},"69":{"start":{"line":70,"column":0},"end":{"line":70,"column":14}},"70":{"start":{"line":71,"column":0},"end":{"line":71,"column":13}},"71":{"start":{"line":72,"column":0},"end":{"line":72,"column":7}},"72":{"start":{"line":73,"column":0},"end":{"line":73,"column":13}},"73":{"start":{"line":74,"column":0},"end":{"line":74,"column":14}},"75":{"start":{"line":76,"column":0},"end":{"line":76,"column":37}},"76":{"start":{"line":77,"column":0},"end":{"line":77,"column":37}},"79":{"start":{"line":80,"column":0},"end":{"line":80,"column":88}},"82":{"start":{"line":83,"column":0},"end":{"line":83,"column":25}},"83":{"start":{"line":84,"column":0},"end":{"line":84,"column":34}},"84":{"start":{"line":85,"column":0},"end":{"line":85,"column":35}},"85":{"start":{"line":86,"column":0},"end":{"line":86,"column":44}},"87":{"start":{"line":88,"column":0},"end":{"line":88,"column":12}},"88":{"start":{"line":89,"column":0},"end":{"line":89,"column":33}},"90":{"start":{"line":91,"column":0},"end":{"line":91,"column":19}},"91":{"start":{"line":92,"column":0},"end":{"line":92,"column":17}},"92":{"start":{"line":93,"column":0},"end":{"line":93,"column":29}},"93":{"start":{"line":94,"column":0},"end":{"line":94,"column":63}},"95":{"start":{"line":96,"column":0},"end":{"line":96,"column":19}},"96":{"start":{"line":97,"column":0},"end":{"line":97,"column":70}},"97":{"start":{"line":98,"column":0},"end":{"line":98,"column":18}},"101":{"start":{"line":102,"column":0},"end":{"line":102,"column":14}},"102":{"start":{"line":103,"column":0},"end":{"line":103,"column":19}},"103":{"start":{"line":104,"column":0},"end":{"line":104,"column":22}},"104":{"start":{"line":105,"column":0},"end":{"line":105,"column":82}},"105":{"start":{"line":106,"column":0},"end":{"line":106,"column":34}},"106":{"start":{"line":107,"column":0},"end":{"line":107,"column":32}},"107":{"start":{"line":108,"column":0},"end":{"line":108,"column":40}},"108":{"start":{"line":109,"column":0},"end":{"line":109,"column":20}},"109":{"start":{"line":110,"column":0},"end":{"line":110,"column":10}},"112":{"start":{"line":113,"column":0},"end":{"line":113,"column":19}},"113":{"start":{"line":114,"column":0},"end":{"line":114,"column":13}},"114":{"start":{"line":115,"column":0},"end":{"line":115,"column":35}},"115":{"start":{"line":116,"column":0},"end":{"line":116,"column":44}},"116":{"start":{"line":117,"column":0},"end":{"line":117,"column":24}},"118":{"start":{"line":119,"column":0},"end":{"line":119,"column":19}},"119":{"start":{"line":120,"column":0},"end":{"line":120,"column":14}},"123":{"start":{"line":124,"column":0},"end":{"line":124,"column":32}},"124":{"start":{"line":125,"column":0},"end":{"line":125,"column":13}},"125":{"start":{"line":126,"column":0},"end":{"line":126,"column":34}},"126":{"start":{"line":127,"column":0},"end":{"line":127,"column":45}},"128":{"start":{"line":129,"column":0},"end":{"line":129,"column":22}},"129":{"start":{"line":130,"column":0},"end":{"line":130,"column":14}},"131":{"start":{"line":132,"column":0},"end":{"line":132,"column":12}},"133":{"start":{"line":134,"column":0},"end":{"line":134,"column":3}},"134":{"start":{"line":135,"column":0},"end":{"line":135,"column":1}},"136":{"start":{"line":137,"column":0},"end":{"line":137,"column":27}}},"s":{"0":1,"1":1,"7":1,"9":1,"10":1,"11":1,"12":1,"13":1,"14":1,"15":1,"16":1,"17":1,"18":1,"19":1,"20":1,"21":1,"22":1,"23":1,"24":1,"25":1,"26":1,"27":1,"28":1,"61":1,"62":1,"63":18,"64":18,"65":18,"66":18,"67":18,"68":18,"69":18,"70":18,"71":18,"72":18,"73":18,"75":18,"76":18,"79":18,"82":18,"83":18,"84":18,"85":18,"87":18,"88":18,"90":18,"91":3,"92":3,"93":3,"95":3,"96":3,"97":3,"101":18,"102":18,"103":18,"104":18,"105":18,"106":18,"107":18,"108":18,"109":18,"112":18,"113":2,"114":2,"115":2,"116":2,"118":2,"119":2,"123":18,"124":1,"125":1,"126":1,"128":1,"129":1,"131":18,"133":18,"134":1,"136":1},"branchMap":{"0":{"type":"branch","line":63,"loc":{"start":{"line":63,"column":2},"end":{"line":134,"column":3}},"locations":[{"start":{"line":63,"column":2},"end":{"line":134,"column":3}}]},"1":{"type":"branch","line":80,"loc":{"start":{"line":80,"column":28},"end":{"line":80,"column":46}},"locations":[{"start":{"line":80,"column":28},"end":{"line":80,"column":46}}]},"2":{"type":"branch","line":80,"loc":{"start":{"line":80,"column":36},"end":{"line":80,"column":88}},"locations":[{"start":{"line":80,"column":36},"end":{"line":80,"column":88}}]},"3":{"type":"branch","line":80,"loc":{"start":{"line":80,"column":46},"end":{"line":80,"column":68}},"locations":[{"start":{"line":80,"column":46},"end":{"line":80,"column":68}}]},"4":{"type":"branch","line":80,"loc":{"start":{"line":80,"column":56},"end":{"line":80,"column":88}},"locations":[{"start":{"line":80,"column":56},"end":{"line":80,"column":88}}]},"5":{"type":"branch","line":84,"loc":{"start":{"line":84,"column":6},"end":{"line":84,"column":34}},"locations":[{"start":{"line":84,"column":6},"end":{"line":84,"column":34}}]},"6":{"type":"branch","line":85,"loc":{"start":{"line":85,"column":6},"end":{"line":85,"column":35}},"locations":[{"start":{"line":85,"column":6},"end":{"line":85,"column":35}}]},"7":{"type":"branch","line":86,"loc":{"start":{"line":86,"column":30},"end":{"line":86,"column":44}},"locations":[{"start":{"line":86,"column":30},"end":{"line":86,"column":44}}]},"8":{"type":"branch","line":91,"loc":{"start":{"line":91,"column":9},"end":{"line":98,"column":18}},"locations":[{"start":{"line":91,"column":9},"end":{"line":98,"column":18}}]},"9":{"type":"branch","line":97,"loc":{"start":{"line":97,"column":13},"end":{"line":97,"column":70}},"locations":[{"start":{"line":97,"column":13},"end":{"line":97,"column":70}}]},"10":{"type":"branch","line":113,"loc":{"start":{"line":113,"column":9},"end":{"line":120,"column":14}},"locations":[{"start":{"line":113,"column":9},"end":{"line":120,"column":14}}]},"11":{"type":"branch","line":124,"loc":{"start":{"line":124,"column":9},"end":{"line":124,"column":32}},"locations":[{"start":{"line":124,"column":9},"end":{"line":124,"column":32}}]},"12":{"type":"branch","line":124,"loc":{"start":{"line":124,"column":22},"end":{"line":130,"column":14}},"locations":[{"start":{"line":124,"column":22},"end":{"line":130,"column":14}}]}},"b":{"0":[18],"1":[2],"2":[16],"3":[1],"4":[15],"5":[2],"6":[2],"7":[15],"8":[3],"9":[2],"10":[2],"11":[2],"12":[1]},"fnMap":{},"f":{}}
,"/Users/Yousef_1/Dokumenter/HjemmesideIT/EksamKlarReboot/examklar-tdd/src/pages/DashboardPage.tsx": {"path":"/Users/Yousef_1/Dokumenter/HjemmesideIT/EksamKlarReboot/examklar-tdd/src/pages/DashboardPage.tsx","all":false,"statementMap":{"0":{"start":{"line":1,"column":0},"end":{"line":1,"column":29}},"1":{"start":{"line":2,"column":0},"end":{"line":2,"column":10}},"2":{"start":{"line":3,"column":0},"end":{"line":3,"column":26}},"3":{"start":{"line":4,"column":0},"end":{"line":4,"column":60}},"5":{"start":{"line":6,"column":0},"end":{"line":6,"column":11}},"6":{"start":{"line":7,"column":0},"end":{"line":7,"column":76}},"7":{"start":{"line":8,"column":0},"end":{"line":8,"column":56}},"8":{"start":{"line":9,"column":0},"end":{"line":9,"column":72}},"9":{"start":{"line":10,"column":0},"end":{"line":10,"column":70}},"10":{"start":{"line":11,"column":0},"end":{"line":11,"column":14}},"11":{"start":{"line":12,"column":0},"end":{"line":12,"column":56}},"12":{"start":{"line":13,"column":0},"end":{"line":13,"column":72}},"13":{"start":{"line":14,"column":0},"end":{"line":14,"column":71}},"14":{"start":{"line":15,"column":0},"end":{"line":15,"column":14}},"15":{"start":{"line":16,"column":0},"end":{"line":16,"column":56}},"16":{"start":{"line":17,"column":0},"end":{"line":17,"column":71}},"17":{"start":{"line":18,"column":0},"end":{"line":18,"column":70}},"18":{"start":{"line":19,"column":0},"end":{"line":19,"column":14}},"19":{"start":{"line":20,"column":0},"end":{"line":20,"column":12}},"21":{"start":{"line":22,"column":0},"end":{"line":22,"column":28}},"22":{"start":{"line":23,"column":0},"end":{"line":23,"column":70}},"23":{"start":{"line":24,"column":0},"end":{"line":24,"column":78}},"24":{"start":{"line":25,"column":0},"end":{"line":25,"column":12}},"25":{"start":{"line":26,"column":0},"end":{"line":26,"column":10}},"27":{"start":{"line":28,"column":0},"end":{"line":28,"column":1}},"29":{"start":{"line":30,"column":0},"end":{"line":30,"column":28}}},"s":{"0":1,"1":10,"2":10,"3":10,"5":10,"6":10,"7":10,"8":10,"9":10,"10":10,"11":10,"12":10,"13":10,"14":10,"15":10,"16":10,"17":10,"18":10,"19":10,"21":10,"22":10,"23":10,"24":10,"25":10,"27":10,"29":1},"branchMap":{"0":{"type":"branch","line":1,"loc":{"start":{"line":1,"column":22},"end":{"line":28,"column":1}},"locations":[{"start":{"line":1,"column":22},"end":{"line":28,"column":1}}]}},"b":{"0":[10]},"fnMap":{"0":{"name":"DashboardPage","decl":{"start":{"line":1,"column":22},"end":{"line":28,"column":1}},"loc":{"start":{"line":1,"column":22},"end":{"line":28,"column":1}},"line":1}},"f":{"0":10}}
,"/Users/Yousef_1/Dokumenter/HjemmesideIT/EksamKlarReboot/examklar-tdd/src/pages/FlashcardsPage.tsx": {"path":"/Users/Yousef_1/Dokumenter/HjemmesideIT/EksamKlarReboot/examklar-tdd/src/pages/FlashcardsPage.tsx","all":false,"statementMap":{"0":{"start":{"line":1,"column":0},"end":{"line":1,"column":30}},"1":{"start":{"line":2,"column":0},"end":{"line":2,"column":10}},"2":{"start":{"line":3,"column":0},"end":{"line":3,"column":26}},"3":{"start":{"line":4,"column":0},"end":{"line":4,"column":60}},"5":{"start":{"line":6,"column":0},"end":{"line":6,"column":11}},"6":{"start":{"line":7,"column":0},"end":{"line":7,"column":75}},"7":{"start":{"line":8,"column":0},"end":{"line":8,"column":42}},"8":{"start":{"line":9,"column":0},"end":{"line":9,"column":68}},"10":{"start":{"line":11,"column":0},"end":{"line":11,"column":15}},"11":{"start":{"line":12,"column":0},"end":{"line":12,"column":39}},"13":{"start":{"line":14,"column":0},"end":{"line":14,"column":14}},"14":{"start":{"line":15,"column":0},"end":{"line":15,"column":14}},"15":{"start":{"line":16,"column":0},"end":{"line":16,"column":96}},"16":{"start":{"line":17,"column":0},"end":{"line":17,"column":63}},"17":{"start":{"line":18,"column":0},"end":{"line":18,"column":67}},"19":{"start":{"line":20,"column":0},"end":{"line":20,"column":17}},"20":{"start":{"line":21,"column":0},"end":{"line":21,"column":41}},"22":{"start":{"line":23,"column":0},"end":{"line":23,"column":16}},"23":{"start":{"line":24,"column":0},"end":{"line":24,"column":16}},"24":{"start":{"line":25,"column":0},"end":{"line":25,"column":92}},"26":{"start":{"line":27,"column":0},"end":{"line":27,"column":19}},"27":{"start":{"line":28,"column":0},"end":{"line":28,"column":14}},"28":{"start":{"line":29,"column":0},"end":{"line":29,"column":12}},"29":{"start":{"line":30,"column":0},"end":{"line":30,"column":10}},"31":{"start":{"line":32,"column":0},"end":{"line":32,"column":1}},"33":{"start":{"line":34,"column":0},"end":{"line":34,"column":29}}},"s":{"0":1,"1":3,"2":3,"3":3,"5":3,"6":3,"7":3,"8":3,"10":3,"11":3,"13":3,"14":3,"15":3,"16":3,"17":3,"19":3,"20":3,"22":3,"23":3,"24":3,"26":3,"27":3,"28":3,"29":3,"31":3,"33":1},"branchMap":{"0":{"type":"branch","line":1,"loc":{"start":{"line":1,"column":23},"end":{"line":32,"column":1}},"locations":[{"start":{"line":1,"column":23},"end":{"line":32,"column":1}}]}},"b":{"0":[3]},"fnMap":{"0":{"name":"FlashcardsPage","decl":{"start":{"line":1,"column":23},"end":{"line":32,"column":1}},"loc":{"start":{"line":1,"column":23},"end":{"line":32,"column":1}},"line":1}},"f":{"0":3}}
,"/Users/Yousef_1/Dokumenter/HjemmesideIT/EksamKlarReboot/examklar-tdd/src/pages/NotFoundPage.tsx": {"path":"/Users/Yousef_1/Dokumenter/HjemmesideIT/EksamKlarReboot/examklar-tdd/src/pages/NotFoundPage.tsx","all":false,"statementMap":{"0":{"start":{"line":1,"column":0},"end":{"line":1,"column":28}},"1":{"start":{"line":2,"column":0},"end":{"line":2,"column":10}},"2":{"start":{"line":3,"column":0},"end":{"line":3,"column":38}},"3":{"start":{"line":4,"column":0},"end":{"line":4,"column":60}},"5":{"start":{"line":6,"column":0},"end":{"line":6,"column":11}},"6":{"start":{"line":7,"column":0},"end":{"line":7,"column":71}},"7":{"start":{"line":8,"column":0},"end":{"line":8,"column":37}},"9":{"start":{"line":10,"column":0},"end":{"line":10,"column":12}},"10":{"start":{"line":11,"column":0},"end":{"line":11,"column":12}},"11":{"start":{"line":12,"column":0},"end":{"line":12,"column":10}},"13":{"start":{"line":14,"column":0},"end":{"line":14,"column":1}},"15":{"start":{"line":16,"column":0},"end":{"line":16,"column":27}}},"s":{"0":1,"1":3,"2":3,"3":3,"5":3,"6":3,"7":3,"9":3,"10":3,"11":3,"13":3,"15":1},"branchMap":{"0":{"type":"branch","line":1,"loc":{"start":{"line":1,"column":21},"end":{"line":14,"column":1}},"locations":[{"start":{"line":1,"column":21},"end":{"line":14,"column":1}}]}},"b":{"0":[3]},"fnMap":{"0":{"name":"NotFoundPage","decl":{"start":{"line":1,"column":21},"end":{"line":14,"column":1}},"loc":{"start":{"line":1,"column":21},"end":{"line":14,"column":1}},"line":1}},"f":{"0":3}}
,"/Users/Yousef_1/Dokumenter/HjemmesideIT/EksamKlarReboot/examklar-tdd/src/pages/OnboardingPage.tsx": {"path":"/Users/Yousef_1/Dokumenter/HjemmesideIT/EksamKlarReboot/examklar-tdd/src/pages/OnboardingPage.tsx","all":false,"statementMap":{"0":{"start":{"line":1,"column":0},"end":{"line":1,"column":30}},"1":{"start":{"line":2,"column":0},"end":{"line":2,"column":10}},"2":{"start":{"line":3,"column":0},"end":{"line":3,"column":39}},"3":{"start":{"line":4,"column":0},"end":{"line":4,"column":60}},"5":{"start":{"line":6,"column":0},"end":{"line":6,"column":11}},"6":{"start":{"line":7,"column":0},"end":{"line":7,"column":48}},"8":{"start":{"line":9,"column":0},"end":{"line":9,"column":10}},"9":{"start":{"line":10,"column":0},"end":{"line":10,"column":74}},"10":{"start":{"line":11,"column":0},"end":{"line":11,"column":37}},"12":{"start":{"line":13,"column":0},"end":{"line":13,"column":12}},"13":{"start":{"line":14,"column":0},"end":{"line":14,"column":12}},"14":{"start":{"line":15,"column":0},"end":{"line":15,"column":10}},"16":{"start":{"line":17,"column":0},"end":{"line":17,"column":1}},"18":{"start":{"line":19,"column":0},"end":{"line":19,"column":29}}},"s":{"0":1,"1":6,"2":6,"3":6,"5":6,"6":6,"8":6,"9":6,"10":6,"12":6,"13":6,"14":6,"16":6,"18":1},"branchMap":{"0":{"type":"branch","line":1,"loc":{"start":{"line":1,"column":23},"end":{"line":17,"column":1}},"locations":[{"start":{"line":1,"column":23},"end":{"line":17,"column":1}}]}},"b":{"0":[6]},"fnMap":{"0":{"name":"OnboardingPage","decl":{"start":{"line":1,"column":23},"end":{"line":17,"column":1}},"loc":{"start":{"line":1,"column":23},"end":{"line":17,"column":1}},"line":1}},"f":{"0":6}}
,"/Users/Yousef_1/Dokumenter/HjemmesideIT/EksamKlarReboot/examklar-tdd/src/pages/QuizPage.tsx": {"path":"/Users/Yousef_1/Dokumenter/HjemmesideIT/EksamKlarReboot/examklar-tdd/src/pages/QuizPage.tsx","all":false,"statementMap":{"0":{"start":{"line":1,"column":0},"end":{"line":1,"column":24}},"1":{"start":{"line":2,"column":0},"end":{"line":2,"column":10}},"2":{"start":{"line":3,"column":0},"end":{"line":3,"column":26}},"3":{"start":{"line":4,"column":0},"end":{"line":4,"column":60}},"5":{"start":{"line":6,"column":0},"end":{"line":6,"column":11}},"6":{"start":{"line":7,"column":0},"end":{"line":7,"column":75}},"7":{"start":{"line":8,"column":0},"end":{"line":8,"column":42}},"8":{"start":{"line":9,"column":0},"end":{"line":9,"column":68}},"10":{"start":{"line":11,"column":0},"end":{"line":11,"column":15}},"11":{"start":{"line":12,"column":0},"end":{"line":12,"column":39}},"13":{"start":{"line":14,"column":0},"end":{"line":14,"column":14}},"14":{"start":{"line":15,"column":0},"end":{"line":15,"column":14}},"15":{"start":{"line":16,"column":0},"end":{"line":16,"column":51}},"16":{"start":{"line":17,"column":0},"end":{"line":17,"column":65}},"18":{"start":{"line":19,"column":0},"end":{"line":19,"column":15}},"19":{"start":{"line":20,"column":0},"end":{"line":20,"column":44}},"21":{"start":{"line":22,"column":0},"end":{"line":22,"column":14}},"22":{"start":{"line":23,"column":0},"end":{"line":23,"column":37}},"23":{"start":{"line":24,"column":0},"end":{"line":24,"column":135}},"25":{"start":{"line":26,"column":0},"end":{"line":26,"column":21}},"26":{"start":{"line":27,"column":0},"end":{"line":27,"column":135}},"28":{"start":{"line":29,"column":0},"end":{"line":29,"column":21}},"29":{"start":{"line":30,"column":0},"end":{"line":30,"column":135}},"31":{"start":{"line":32,"column":0},"end":{"line":32,"column":21}},"32":{"start":{"line":33,"column":0},"end":{"line":33,"column":135}},"34":{"start":{"line":35,"column":0},"end":{"line":35,"column":21}},"35":{"start":{"line":36,"column":0},"end":{"line":36,"column":16}},"36":{"start":{"line":37,"column":0},"end":{"line":37,"column":14}},"37":{"start":{"line":38,"column":0},"end":{"line":38,"column":12}},"38":{"start":{"line":39,"column":0},"end":{"line":39,"column":10}},"40":{"start":{"line":41,"column":0},"end":{"line":41,"column":1}},"42":{"start":{"line":43,"column":0},"end":{"line":43,"column":23}}},"s":{"0":1,"1":3,"2":3,"3":3,"5":3,"6":3,"7":3,"8":3,"10":3,"11":3,"13":3,"14":3,"15":3,"16":3,"18":3,"19":3,"21":3,"22":3,"23":3,"25":3,"26":3,"28":3,"29":3,"31":3,"32":3,"34":3,"35":3,"36":3,"37":3,"38":3,"40":3,"42":1},"branchMap":{"0":{"type":"branch","line":1,"loc":{"start":{"line":1,"column":17},"end":{"line":41,"column":1}},"locations":[{"start":{"line":1,"column":17},"end":{"line":41,"column":1}}]}},"b":{"0":[3]},"fnMap":{"0":{"name":"QuizPage","decl":{"start":{"line":1,"column":17},"end":{"line":41,"column":1}},"loc":{"start":{"line":1,"column":17},"end":{"line":41,"column":1}},"line":1}},"f":{"0":3}}
,"/Users/Yousef_1/Dokumenter/HjemmesideIT/EksamKlarReboot/examklar-tdd/src/pages/StudyPage.tsx": {"path":"/Users/Yousef_1/Dokumenter/HjemmesideIT/EksamKlarReboot/examklar-tdd/src/pages/StudyPage.tsx","all":false,"statementMap":{"0":{"start":{"line":1,"column":0},"end":{"line":1,"column":25}},"1":{"start":{"line":2,"column":0},"end":{"line":2,"column":10}},"2":{"start":{"line":3,"column":0},"end":{"line":3,"column":26}},"3":{"start":{"line":4,"column":0},"end":{"line":4,"column":60}},"5":{"start":{"line":6,"column":0},"end":{"line":6,"column":11}},"6":{"start":{"line":7,"column":0},"end":{"line":7,"column":75}},"7":{"start":{"line":8,"column":0},"end":{"line":8,"column":42}},"8":{"start":{"line":9,"column":0},"end":{"line":9,"column":68}},"10":{"start":{"line":11,"column":0},"end":{"line":11,"column":15}},"11":{"start":{"line":12,"column":0},"end":{"line":12,"column":39}},"13":{"start":{"line":14,"column":0},"end":{"line":14,"column":14}},"14":{"start":{"line":15,"column":0},"end":{"line":15,"column":14}},"15":{"start":{"line":16,"column":0},"end":{"line":16,"column":63}},"16":{"start":{"line":17,"column":0},"end":{"line":17,"column":53}},"17":{"start":{"line":18,"column":0},"end":{"line":18,"column":77}},"18":{"start":{"line":19,"column":0},"end":{"line":19,"column":50}},"19":{"start":{"line":20,"column":0},"end":{"line":20,"column":16}},"20":{"start":{"line":21,"column":0},"end":{"line":21,"column":54}},"21":{"start":{"line":22,"column":0},"end":{"line":22,"column":81}},"22":{"start":{"line":23,"column":0},"end":{"line":23,"column":57}},"23":{"start":{"line":24,"column":0},"end":{"line":24,"column":16}},"24":{"start":{"line":25,"column":0},"end":{"line":25,"column":14}},"25":{"start":{"line":26,"column":0},"end":{"line":26,"column":12}},"26":{"start":{"line":27,"column":0},"end":{"line":27,"column":10}},"28":{"start":{"line":29,"column":0},"end":{"line":29,"column":1}},"30":{"start":{"line":31,"column":0},"end":{"line":31,"column":24}}},"s":{"0":1,"1":4,"2":4,"3":4,"5":4,"6":4,"7":4,"8":4,"10":4,"11":4,"13":4,"14":4,"15":4,"16":4,"17":4,"18":4,"19":4,"20":4,"21":4,"22":4,"23":4,"24":4,"25":4,"26":4,"28":4,"30":1},"branchMap":{"0":{"type":"branch","line":1,"loc":{"start":{"line":1,"column":18},"end":{"line":29,"column":1}},"locations":[{"start":{"line":1,"column":18},"end":{"line":29,"column":1}}]}},"b":{"0":[4]},"fnMap":{"0":{"name":"StudyPage","decl":{"start":{"line":1,"column":18},"end":{"line":29,"column":1}},"loc":{"start":{"line":1,"column":18},"end":{"line":29,"column":1}},"line":1}},"f":{"0":4}}
,"/Users/Yousef_1/Dokumenter/HjemmesideIT/EksamKlarReboot/examklar-tdd/src/stores/examStore.ts": {"path":"/Users/Yousef_1/Dokumenter/HjemmesideIT/EksamKlarReboot/examklar-tdd/src/stores/examStore.ts","all":false,"statementMap":{"0":{"start":{"line":1,"column":0},"end":{"line":1,"column":32}},"1":{"start":{"line":2,"column":0},"end":{"line":2,"column":54}},"33":{"start":{"line":34,"column":0},"end":{"line":34,"column":22}},"34":{"start":{"line":35,"column":0},"end":{"line":35,"column":13}},"35":{"start":{"line":36,"column":0},"end":{"line":36,"column":15}},"36":{"start":{"line":37,"column":0},"end":{"line":37,"column":23}},"37":{"start":{"line":38,"column":0},"end":{"line":38,"column":18}},"38":{"start":{"line":39,"column":0},"end":{"line":39,"column":16}},"39":{"start":{"line":40,"column":0},"end":{"line":40,"column":1}},"44":{"start":{"line":45,"column":0},"end":{"line":45,"column":48}},"45":{"start":{"line":46,"column":0},"end":{"line":46,"column":11}},"46":{"start":{"line":47,"column":0},"end":{"line":47,"column":12}},"47":{"start":{"line":48,"column":0},"end":{"line":48,"column":22}},"48":{"start":{"line":49,"column":0},"end":{"line":49,"column":24}},"51":{"start":{"line":52,"column":0},"end":{"line":52,"column":59}},"54":{"start":{"line":55,"column":0},"end":{"line":55,"column":50}},"55":{"start":{"line":56,"column":0},"end":{"line":56,"column":48}},"56":{"start":{"line":57,"column":0},"end":{"line":57,"column":33}},"58":{"start":{"line":59,"column":0},"end":{"line":59,"column":54}},"59":{"start":{"line":60,"column":0},"end":{"line":60,"column":80}},"60":{"start":{"line":61,"column":0},"end":{"line":61,"column":72}},"61":{"start":{"line":62,"column":0},"end":{"line":62,"column":19}},"62":{"start":{"line":63,"column":0},"end":{"line":63,"column":34}},"64":{"start":{"line":65,"column":0},"end":{"line":65,"column":18}},"65":{"start":{"line":66,"column":0},"end":{"line":66,"column":38}},"66":{"start":{"line":67,"column":0},"end":{"line":67,"column":26}},"67":{"start":{"line":68,"column":0},"end":{"line":68,"column":11}},"68":{"start":{"line":69,"column":0},"end":{"line":69,"column":35}},"70":{"start":{"line":71,"column":0},"end":{"line":71,"column":101}},"73":{"start":{"line":74,"column":0},"end":{"line":74,"column":86}},"76":{"start":{"line":77,"column":0},"end":{"line":77,"column":81}},"79":{"start":{"line":80,"column":0},"end":{"line":80,"column":37}},"80":{"start":{"line":81,"column":0},"end":{"line":81,"column":29}},"81":{"start":{"line":82,"column":0},"end":{"line":82,"column":32}},"83":{"start":{"line":84,"column":0},"end":{"line":84,"column":31}},"84":{"start":{"line":85,"column":0},"end":{"line":85,"column":54}},"85":{"start":{"line":86,"column":0},"end":{"line":86,"column":72}},"86":{"start":{"line":87,"column":0},"end":{"line":87,"column":10}},"88":{"start":{"line":89,"column":0},"end":{"line":89,"column":35}},"89":{"start":{"line":90,"column":0},"end":{"line":90,"column":29}},"92":{"start":{"line":93,"column":0},"end":{"line":93,"column":52}},"93":{"start":{"line":94,"column":0},"end":{"line":94,"column":10}},"95":{"start":{"line":96,"column":0},"end":{"line":96,"column":30}},"96":{"start":{"line":97,"column":0},"end":{"line":97,"column":29}},"97":{"start":{"line":98,"column":0},"end":{"line":98,"column":56}},"98":{"start":{"line":99,"column":0},"end":{"line":99,"column":10}},"101":{"start":{"line":102,"column":0},"end":{"line":102,"column":54}},"102":{"start":{"line":103,"column":0},"end":{"line":103,"column":9}},"103":{"start":{"line":104,"column":0},"end":{"line":104,"column":7}},"104":{"start":{"line":105,"column":0},"end":{"line":105,"column":33}},"105":{"start":{"line":106,"column":0},"end":{"line":106,"column":19}},"107":{"start":{"line":108,"column":0},"end":{"line":108,"column":33}},"108":{"start":{"line":109,"column":0},"end":{"line":109,"column":19}},"109":{"start":{"line":110,"column":0},"end":{"line":110,"column":30}},"110":{"start":{"line":111,"column":0},"end":{"line":111,"column":26}},"111":{"start":{"line":112,"column":0},"end":{"line":112,"column":57}},"112":{"start":{"line":113,"column":0},"end":{"line":113,"column":19}},"113":{"start":{"line":114,"column":0},"end":{"line":114,"column":52}},"114":{"start":{"line":115,"column":0},"end":{"line":115,"column":23}},"115":{"start":{"line":116,"column":0},"end":{"line":116,"column":53}},"116":{"start":{"line":117,"column":0},"end":{"line":117,"column":54}},"117":{"start":{"line":118,"column":0},"end":{"line":118,"column":14}},"118":{"start":{"line":119,"column":0},"end":{"line":119,"column":50}},"119":{"start":{"line":120,"column":0},"end":{"line":120,"column":36}},"120":{"start":{"line":121,"column":0},"end":{"line":121,"column":66}},"121":{"start":{"line":122,"column":0},"end":{"line":122,"column":67}},"122":{"start":{"line":123,"column":0},"end":{"line":123,"column":19}},"123":{"start":{"line":124,"column":0},"end":{"line":124,"column":40}},"124":{"start":{"line":125,"column":0},"end":{"line":125,"column":31}},"125":{"start":{"line":126,"column":0},"end":{"line":126,"column":62}},"126":{"start":{"line":127,"column":0},"end":{"line":127,"column":18}},"127":{"start":{"line":128,"column":0},"end":{"line":128,"column":11}},"128":{"start":{"line":129,"column":0},"end":{"line":129,"column":46}},"129":{"start":{"line":130,"column":0},"end":{"line":130,"column":22}},"131":{"start":{"line":132,"column":0},"end":{"line":132,"column":29}},"132":{"start":{"line":133,"column":0},"end":{"line":133,"column":67}},"133":{"start":{"line":134,"column":0},"end":{"line":134,"column":13}},"135":{"start":{"line":136,"column":0},"end":{"line":136,"column":61}},"136":{"start":{"line":137,"column":0},"end":{"line":137,"column":25}},"137":{"start":{"line":138,"column":0},"end":{"line":138,"column":51}},"138":{"start":{"line":139,"column":0},"end":{"line":139,"column":52}},"139":{"start":{"line":140,"column":0},"end":{"line":140,"column":15}},"141":{"start":{"line":142,"column":0},"end":{"line":142,"column":39}},"142":{"start":{"line":143,"column":0},"end":{"line":143,"column":85}},"143":{"start":{"line":144,"column":0},"end":{"line":144,"column":87}},"144":{"start":{"line":145,"column":0},"end":{"line":145,"column":13}},"146":{"start":{"line":147,"column":0},"end":{"line":147,"column":34}},"147":{"start":{"line":148,"column":0},"end":{"line":148,"column":77}},"148":{"start":{"line":149,"column":0},"end":{"line":149,"column":13}},"149":{"start":{"line":150,"column":0},"end":{"line":150,"column":11}},"150":{"start":{"line":151,"column":0},"end":{"line":151,"column":9}},"151":{"start":{"line":152,"column":0},"end":{"line":152,"column":7}},"152":{"start":{"line":153,"column":0},"end":{"line":153,"column":6}},"153":{"start":{"line":154,"column":0},"end":{"line":154,"column":5}},"154":{"start":{"line":155,"column":0},"end":{"line":155,"column":28}},"155":{"start":{"line":156,"column":0},"end":{"line":156,"column":5}},"156":{"start":{"line":157,"column":0},"end":{"line":157,"column":3}},"157":{"start":{"line":158,"column":0},"end":{"line":158,"column":1}}},"s":{"0":1,"1":1,"33":1,"34":1,"35":1,"36":1,"37":1,"38":1,"39":1,"44":1,"45":1,"46":1,"47":1,"48":1,"51":1,"54":1,"55":10,"56":10,"58":1,"59":2,"60":2,"61":1,"62":1,"64":2,"65":2,"66":2,"67":2,"68":2,"70":1,"73":1,"76":1,"79":1,"80":1,"81":1,"83":1,"84":1,"85":1,"86":1,"88":1,"89":0,"92":0,"93":0,"95":1,"96":0,"97":0,"98":0,"101":1,"102":1,"103":1,"104":1,"105":1,"107":1,"108":29,"109":29,"110":4,"111":4,"112":29,"113":29,"114":17,"115":17,"116":17,"117":29,"118":29,"119":3,"120":3,"121":3,"122":29,"123":29,"124":1,"125":1,"126":29,"127":29,"128":1,"129":1,"131":1,"132":0,"133":0,"135":1,"136":0,"137":0,"138":0,"139":1,"141":1,"142":0,"143":0,"144":0,"146":1,"147":0,"148":0,"149":1,"150":1,"151":1,"152":1,"153":1,"154":1,"155":1,"156":1,"157":1},"branchMap":{"0":{"type":"branch","line":48,"loc":{"start":{"line":48,"column":6},"end":{"line":103,"column":9}},"locations":[{"start":{"line":48,"column":6},"end":{"line":103,"column":9}}]},"1":{"type":"branch","line":52,"loc":{"start":{"line":52,"column":17},"end":{"line":52,"column":59}},"locations":[{"start":{"line":52,"column":17},"end":{"line":52,"column":59}}]},"2":{"type":"branch","line":55,"loc":{"start":{"line":55,"column":20},"end":{"line":57,"column":33}},"locations":[{"start":{"line":55,"column":20},"end":{"line":57,"column":33}}]},"3":{"type":"branch","line":55,"loc":{"start":{"line":55,"column":37},"end":{"line":57,"column":12}},"locations":[{"start":{"line":55,"column":37},"end":{"line":57,"column":12}}]},"4":{"type":"branch","line":59,"loc":{"start":{"line":59,"column":23},"end":{"line":69,"column":35}},"locations":[{"start":{"line":59,"column":23},"end":{"line":69,"column":35}}]},"5":{"type":"branch","line":59,"loc":{"start":{"line":59,"column":42},"end":{"line":69,"column":11}},"locations":[{"start":{"line":59,"column":42},"end":{"line":69,"column":11}}]},"6":{"type":"branch","line":61,"loc":{"start":{"line":61,"column":39},"end":{"line":61,"column":62}},"locations":[{"start":{"line":61,"column":39},"end":{"line":61,"column":62}}]},"7":{"type":"branch","line":61,"loc":{"start":{"line":61,"column":62},"end":{"line":62,"column":19}},"locations":[{"start":{"line":61,"column":62},"end":{"line":62,"column":19}}]},"8":{"type":"branch","line":62,"loc":{"start":{"line":62,"column":14},"end":{"line":63,"column":34}},"locations":[{"start":{"line":62,"column":14},"end":{"line":63,"column":34}}]},"9":{"type":"branch","line":60,"loc":{"start":{"line":60,"column":56},"end":{"line":60,"column":79}},"locations":[{"start":{"line":60,"column":56},"end":{"line":60,"column":79}}]},"10":{"type":"branch","line":71,"loc":{"start":{"line":71,"column":27},"end":{"line":71,"column":101}},"locations":[{"start":{"line":71,"column":27},"end":{"line":71,"column":101}}]},"11":{"type":"branch","line":74,"loc":{"start":{"line":74,"column":25},"end":{"line":74,"column":86}},"locations":[{"start":{"line":74,"column":25},"end":{"line":74,"column":86}}]},"12":{"type":"branch","line":80,"loc":{"start":{"line":80,"column":30},"end":{"line":87,"column":10}},"locations":[{"start":{"line":80,"column":30},"end":{"line":87,"column":10}}]},"13":{"type":"branch","line":85,"loc":{"start":{"line":85,"column":20},"end":{"line":85,"column":53}},"locations":[{"start":{"line":85,"column":20},"end":{"line":85,"column":53}}]},"14":{"type":"branch","line":86,"loc":{"start":{"line":86,"column":18},"end":{"line":86,"column":71}},"locations":[{"start":{"line":86,"column":18},"end":{"line":86,"column":71}}]},"15":{"type":"branch","line":102,"loc":{"start":{"line":102,"column":15},"end":{"line":102,"column":54}},"locations":[{"start":{"line":102,"column":15},"end":{"line":102,"column":54}}]},"16":{"type":"branch","line":108,"loc":{"start":{"line":108,"column":20},"end":{"line":128,"column":11}},"locations":[{"start":{"line":108,"column":20},"end":{"line":128,"column":11}}]},"17":{"type":"branch","line":110,"loc":{"start":{"line":110,"column":22},"end":{"line":113,"column":14}},"locations":[{"start":{"line":110,"column":22},"end":{"line":113,"column":14}}]},"18":{"type":"branch","line":113,"loc":{"start":{"line":113,"column":10},"end":{"line":113,"column":19}},"locations":[{"start":{"line":113,"column":10},"end":{"line":113,"column":19}}]},"19":{"type":"branch","line":119,"loc":{"start":{"line":119,"column":32},"end":{"line":123,"column":14}},"locations":[{"start":{"line":119,"column":32},"end":{"line":123,"column":14}}]},"20":{"type":"branch","line":123,"loc":{"start":{"line":123,"column":10},"end":{"line":123,"column":19}},"locations":[{"start":{"line":123,"column":10},"end":{"line":123,"column":19}}]},"21":{"type":"branch","line":124,"loc":{"start":{"line":124,"column":27},"end":{"line":127,"column":14}},"locations":[{"start":{"line":124,"column":27},"end":{"line":127,"column":14}}]},"22":{"type":"branch","line":127,"loc":{"start":{"line":127,"column":10},"end":{"line":127,"column":18}},"locations":[{"start":{"line":127,"column":10},"end":{"line":127,"column":18}}]},"23":{"type":"branch","line":114,"loc":{"start":{"line":114,"column":39},"end":{"line":118,"column":12}},"locations":[{"start":{"line":114,"column":39},"end":{"line":118,"column":12}}]},"24":{"type":"branch","line":129,"loc":{"start":{"line":129,"column":28},"end":{"line":151,"column":9}},"locations":[{"start":{"line":129,"column":28},"end":{"line":151,"column":9}}]},"25":{"type":"branch","line":129,"loc":{"start":{"line":129,"column":34},"end":{"line":151,"column":9}},"locations":[{"start":{"line":129,"column":34},"end":{"line":151,"column":9}}]},"26":{"type":"branch","line":132,"loc":{"start":{"line":132,"column":28},"end":{"line":134,"column":13}},"locations":[{"start":{"line":132,"column":28},"end":{"line":134,"column":13}}]},"27":{"type":"branch","line":142,"loc":{"start":{"line":142,"column":38},"end":{"line":145,"column":13}},"locations":[{"start":{"line":142,"column":38},"end":{"line":145,"column":13}}]},"28":{"type":"branch","line":147,"loc":{"start":{"line":147,"column":33},"end":{"line":149,"column":13}},"locations":[{"start":{"line":147,"column":33},"end":{"line":149,"column":13}}]}},"b":{"0":[1],"1":[2],"2":[10],"3":[10],"4":[2],"5":[2],"6":[1],"7":[1],"8":[1],"9":[3],"10":[3],"11":[1],"12":[1],"13":[2],"14":[1],"15":[11],"16":[29],"17":[4],"18":[25],"19":[3],"20":[26],"21":[1],"22":[28],"23":[17],"24":[1],"25":[1],"26":[0],"27":[0],"28":[0]},"fnMap":{"0":{"name":"useExamStore.name","decl":{"start":{"line":48,"column":6},"end":{"line":103,"column":9}},"loc":{"start":{"line":48,"column":6},"end":{"line":103,"column":9}},"line":48},"1":{"name":"setUser","decl":{"start":{"line":52,"column":17},"end":{"line":52,"column":59}},"loc":{"start":{"line":52,"column":17},"end":{"line":52,"column":59}},"line":52},"2":{"name":"addSubject","decl":{"start":{"line":55,"column":20},"end":{"line":57,"column":33}},"loc":{"start":{"line":55,"column":20},"end":{"line":57,"column":33}},"line":55},"3":{"name":"removeSubject","decl":{"start":{"line":59,"column":23},"end":{"line":69,"column":35}},"loc":{"start":{"line":59,"column":23},"end":{"line":69,"column":35}},"line":59},"4":{"name":"setCurrentSubject","decl":{"start":{"line":71,"column":27},"end":{"line":71,"column":101}},"loc":{"start":{"line":71,"column":27},"end":{"line":71,"column":101}},"line":71},"5":{"name":"updateStudyPlan","decl":{"start":{"line":74,"column":25},"end":{"line":74,"column":86}},"loc":{"start":{"line":74,"column":25},"end":{"line":74,"column":86}},"line":74},"6":{"name":"updateProgress","decl":{"start":{"line":77,"column":24},"end":{"line":77,"column":81}},"loc":{"start":{"line":77,"column":24},"end":{"line":77,"column":81}},"line":77},"7":{"name":"getUpcomingDeadlines","decl":{"start":{"line":80,"column":30},"end":{"line":87,"column":10}},"loc":{"start":{"line":80,"column":30},"end":{"line":87,"column":10}},"line":80},"8":{"name":"getCurrentProgress","decl":{"start":{"line":89,"column":28},"end":{"line":94,"column":10}},"loc":{"start":{"line":89,"column":28},"end":{"line":94,"column":10}},"line":89},"9":{"name":"getTodaysGoal","decl":{"start":{"line":96,"column":23},"end":{"line":99,"column":10}},"loc":{"start":{"line":96,"column":23},"end":{"line":99,"column":10}},"line":96},"10":{"name":"reset","decl":{"start":{"line":102,"column":15},"end":{"line":102,"column":54}},"loc":{"start":{"line":102,"column":15},"end":{"line":102,"column":54}},"line":102},"11":{"name":"partialize","decl":{"start":{"line":108,"column":20},"end":{"line":128,"column":11}},"loc":{"start":{"line":108,"column":20},"end":{"line":128,"column":11}},"line":108},"12":{"name":"onRehydrateStorage","decl":{"start":{"line":129,"column":28},"end":{"line":151,"column":9}},"loc":{"start":{"line":129,"column":28},"end":{"line":151,"column":9}},"line":129}},"f":{"0":1,"1":2,"2":10,"3":2,"4":3,"5":1,"6":0,"7":1,"8":0,"9":0,"10":11,"11":29,"12":1}}
,"/Users/Yousef_1/Dokumenter/HjemmesideIT/EksamKlarReboot/examklar-tdd/src/types/index.ts": {"path":"/Users/Yousef_1/Dokumenter/HjemmesideIT/EksamKlarReboot/examklar-tdd/src/types/index.ts","all":true,"statementMap":{},"s":{},"branchMap":{"0":{"type":"branch","line":1,"loc":{"start":{"line":1,"column":2154},"end":{"line":118,"column":1}},"locations":[{"start":{"line":1,"column":2154},"end":{"line":118,"column":1}}]}},"b":{"0":[1]},"fnMap":{"0":{"name":"(empty-report)","decl":{"start":{"line":1,"column":2154},"end":{"line":118,"column":1}},"loc":{"start":{"line":1,"column":2154},"end":{"line":118,"column":1}},"line":1}},"f":{"0":1}}
}
